{"/Users/njara/projets/ombiko/ombiko-frontend/src/features/admin/hooks/categoriesHooks.ts": {"path":"/Users/njara/projets/ombiko/ombiko-frontend/src/features/admin/hooks/categoriesHooks.ts","statementMap":{"0":{"start":{"line":9,"column":33},"end":{"line":31,"column":null}},"1":{"start":{"line":10,"column":22},"end":{"line":10,"column":null}},"2":{"start":{"line":11,"column":20},"end":{"line":11,"column":null}},"3":{"start":{"line":13,"column":2},"end":{"line":30,"column":null}},"4":{"start":{"line":14,"column":46},"end":{"line":14,"column":null}},"5":{"start":{"line":16,"column":6},"end":{"line":16,"column":null}},"6":{"start":{"line":17,"column":6},"end":{"line":20,"column":null}},"7":{"start":{"line":23,"column":27},"end":{"line":23,"column":null}},"8":{"start":{"line":24,"column":6},"end":{"line":28,"column":null}},"9":{"start":{"line":36,"column":33},"end":{"line":60,"column":null}},"10":{"start":{"line":37,"column":22},"end":{"line":37,"column":null}},"11":{"start":{"line":38,"column":20},"end":{"line":38,"column":null}},"12":{"start":{"line":40,"column":2},"end":{"line":59,"column":null}},"13":{"start":{"line":42,"column":6},"end":{"line":42,"column":null}},"14":{"start":{"line":44,"column":6},"end":{"line":44,"column":null}},"15":{"start":{"line":45,"column":6},"end":{"line":45,"column":null}},"16":{"start":{"line":46,"column":6},"end":{"line":49,"column":null}},"17":{"start":{"line":52,"column":27},"end":{"line":52,"column":null}},"18":{"start":{"line":53,"column":6},"end":{"line":57,"column":null}},"19":{"start":{"line":65,"column":33},"end":{"line":87,"column":null}},"20":{"start":{"line":66,"column":22},"end":{"line":66,"column":null}},"21":{"start":{"line":67,"column":20},"end":{"line":67,"column":null}},"22":{"start":{"line":69,"column":2},"end":{"line":86,"column":null}},"23":{"start":{"line":70,"column":32},"end":{"line":70,"column":null}},"24":{"start":{"line":72,"column":6},"end":{"line":72,"column":null}},"25":{"start":{"line":73,"column":6},"end":{"line":76,"column":null}},"26":{"start":{"line":79,"column":27},"end":{"line":79,"column":null}},"27":{"start":{"line":80,"column":6},"end":{"line":84,"column":null}}},"fnMap":{"0":{"name":"(anonymous_0)","decl":{"start":{"line":9,"column":33},"end":{"line":9,"column":null}},"loc":{"start":{"line":9,"column":33},"end":{"line":31,"column":null}},"line":9},"1":{"name":"(anonymous_1)","decl":{"start":{"line":14,"column":16},"end":{"line":14,"column":17}},"loc":{"start":{"line":14,"column":46},"end":{"line":14,"column":null}},"line":14},"2":{"name":"(anonymous_2)","decl":{"start":{"line":15,"column":15},"end":{"line":15,"column":null}},"loc":{"start":{"line":15,"column":15},"end":{"line":21,"column":null}},"line":15},"3":{"name":"(anonymous_3)","decl":{"start":{"line":22,"column":13},"end":{"line":22,"column":14}},"loc":{"start":{"line":22,"column":14},"end":{"line":29,"column":null}},"line":22},"4":{"name":"(anonymous_4)","decl":{"start":{"line":36,"column":33},"end":{"line":36,"column":null}},"loc":{"start":{"line":36,"column":33},"end":{"line":60,"column":null}},"line":36},"5":{"name":"(anonymous_5)","decl":{"start":{"line":41,"column":16},"end":{"line":41,"column":17}},"loc":{"start":{"line":42,"column":6},"end":{"line":42,"column":null}},"line":42},"6":{"name":"(anonymous_6)","decl":{"start":{"line":43,"column":15},"end":{"line":43,"column":16}},"loc":{"start":{"line":43,"column":19},"end":{"line":50,"column":null}},"line":43},"7":{"name":"(anonymous_7)","decl":{"start":{"line":51,"column":13},"end":{"line":51,"column":14}},"loc":{"start":{"line":51,"column":14},"end":{"line":58,"column":null}},"line":51},"8":{"name":"(anonymous_8)","decl":{"start":{"line":65,"column":33},"end":{"line":65,"column":null}},"loc":{"start":{"line":65,"column":33},"end":{"line":87,"column":null}},"line":65},"9":{"name":"(anonymous_9)","decl":{"start":{"line":70,"column":16},"end":{"line":70,"column":17}},"loc":{"start":{"line":70,"column":32},"end":{"line":70,"column":null}},"line":70},"10":{"name":"(anonymous_10)","decl":{"start":{"line":71,"column":15},"end":{"line":71,"column":null}},"loc":{"start":{"line":71,"column":15},"end":{"line":77,"column":null}},"line":71},"11":{"name":"(anonymous_11)","decl":{"start":{"line":78,"column":13},"end":{"line":78,"column":14}},"loc":{"start":{"line":78,"column":14},"end":{"line":85,"column":null}},"line":78}},"branchMap":{"0":{"loc":{"start":{"line":23,"column":27},"end":{"line":23,"column":null}},"type":"cond-expr","locations":[{"start":{"line":23,"column":52},"end":{"line":23,"column":65}},{"start":{"line":23,"column":68},"end":{"line":23,"column":null}}],"line":23},"1":{"loc":{"start":{"line":52,"column":27},"end":{"line":52,"column":null}},"type":"cond-expr","locations":[{"start":{"line":52,"column":52},"end":{"line":52,"column":65}},{"start":{"line":52,"column":68},"end":{"line":52,"column":null}}],"line":52},"2":{"loc":{"start":{"line":79,"column":27},"end":{"line":79,"column":null}},"type":"cond-expr","locations":[{"start":{"line":79,"column":52},"end":{"line":79,"column":65}},{"start":{"line":79,"column":68},"end":{"line":79,"column":null}}],"line":79}},"s":{"0":1,"1":4,"2":4,"3":4,"4":2,"5":2,"6":2,"7":0,"8":0,"9":1,"10":4,"11":4,"12":4,"13":2,"14":2,"15":2,"16":2,"17":0,"18":0,"19":1,"20":4,"21":4,"22":4,"23":2,"24":2,"25":2,"26":0,"27":0},"f":{"0":4,"1":2,"2":2,"3":0,"4":4,"5":2,"6":2,"7":0,"8":4,"9":2,"10":2,"11":0},"b":{"0":[0,0],"1":[0,0],"2":[0,0]},"meta":{"lastBranch":3,"lastFunction":12,"lastStatement":28,"seen":{"s:9:33:31:Infinity":0,"f:9:33:9:Infinity":0,"s:10:22:10:Infinity":1,"s:11:20:11:Infinity":2,"s:13:2:30:Infinity":3,"f:14:16:14:17":1,"s:14:46:14:Infinity":4,"f:15:15:15:Infinity":2,"s:16:6:16:Infinity":5,"s:17:6:20:Infinity":6,"f:22:13:22:14":3,"s:23:27:23:Infinity":7,"b:23:52:23:65:23:68:23:Infinity":0,"s:24:6:28:Infinity":8,"s:36:33:60:Infinity":9,"f:36:33:36:Infinity":4,"s:37:22:37:Infinity":10,"s:38:20:38:Infinity":11,"s:40:2:59:Infinity":12,"f:41:16:41:17":5,"s:42:6:42:Infinity":13,"f:43:15:43:16":6,"s:44:6:44:Infinity":14,"s:45:6:45:Infinity":15,"s:46:6:49:Infinity":16,"f:51:13:51:14":7,"s:52:27:52:Infinity":17,"b:52:52:52:65:52:68:52:Infinity":1,"s:53:6:57:Infinity":18,"s:65:33:87:Infinity":19,"f:65:33:65:Infinity":8,"s:66:22:66:Infinity":20,"s:67:20:67:Infinity":21,"s:69:2:86:Infinity":22,"f:70:16:70:17":9,"s:70:32:70:Infinity":23,"f:71:15:71:Infinity":10,"s:72:6:72:Infinity":24,"s:73:6:76:Infinity":25,"f:78:13:78:14":11,"s:79:27:79:Infinity":26,"b:79:52:79:65:79:68:79:Infinity":2,"s:80:6:84:Infinity":27},"fnNames":{}}}
,"/Users/njara/projets/ombiko/ombiko-frontend/src/features/admin/hooks/charactersHooks.ts": {"path":"/Users/njara/projets/ombiko/ombiko-frontend/src/features/admin/hooks/charactersHooks.ts","statementMap":{"0":{"start":{"line":9,"column":34},"end":{"line":31,"column":null}},"1":{"start":{"line":10,"column":22},"end":{"line":10,"column":null}},"2":{"start":{"line":11,"column":20},"end":{"line":11,"column":null}},"3":{"start":{"line":13,"column":2},"end":{"line":30,"column":null}},"4":{"start":{"line":14,"column":47},"end":{"line":14,"column":null}},"5":{"start":{"line":16,"column":6},"end":{"line":16,"column":null}},"6":{"start":{"line":17,"column":6},"end":{"line":20,"column":null}},"7":{"start":{"line":23,"column":27},"end":{"line":23,"column":null}},"8":{"start":{"line":24,"column":6},"end":{"line":28,"column":null}},"9":{"start":{"line":36,"column":34},"end":{"line":60,"column":null}},"10":{"start":{"line":37,"column":22},"end":{"line":37,"column":null}},"11":{"start":{"line":38,"column":20},"end":{"line":38,"column":null}},"12":{"start":{"line":40,"column":2},"end":{"line":59,"column":null}},"13":{"start":{"line":42,"column":6},"end":{"line":42,"column":null}},"14":{"start":{"line":44,"column":6},"end":{"line":44,"column":null}},"15":{"start":{"line":45,"column":6},"end":{"line":45,"column":null}},"16":{"start":{"line":46,"column":6},"end":{"line":49,"column":null}},"17":{"start":{"line":52,"column":27},"end":{"line":52,"column":null}},"18":{"start":{"line":53,"column":6},"end":{"line":57,"column":null}},"19":{"start":{"line":65,"column":34},"end":{"line":87,"column":null}},"20":{"start":{"line":66,"column":22},"end":{"line":66,"column":null}},"21":{"start":{"line":67,"column":20},"end":{"line":67,"column":null}},"22":{"start":{"line":69,"column":2},"end":{"line":86,"column":null}},"23":{"start":{"line":70,"column":32},"end":{"line":70,"column":null}},"24":{"start":{"line":72,"column":6},"end":{"line":72,"column":null}},"25":{"start":{"line":73,"column":6},"end":{"line":76,"column":null}},"26":{"start":{"line":79,"column":27},"end":{"line":79,"column":null}},"27":{"start":{"line":80,"column":6},"end":{"line":84,"column":null}}},"fnMap":{"0":{"name":"(anonymous_0)","decl":{"start":{"line":9,"column":34},"end":{"line":9,"column":null}},"loc":{"start":{"line":9,"column":34},"end":{"line":31,"column":null}},"line":9},"1":{"name":"(anonymous_1)","decl":{"start":{"line":14,"column":16},"end":{"line":14,"column":17}},"loc":{"start":{"line":14,"column":47},"end":{"line":14,"column":null}},"line":14},"2":{"name":"(anonymous_2)","decl":{"start":{"line":15,"column":15},"end":{"line":15,"column":null}},"loc":{"start":{"line":15,"column":15},"end":{"line":21,"column":null}},"line":15},"3":{"name":"(anonymous_3)","decl":{"start":{"line":22,"column":13},"end":{"line":22,"column":14}},"loc":{"start":{"line":22,"column":14},"end":{"line":29,"column":null}},"line":22},"4":{"name":"(anonymous_4)","decl":{"start":{"line":36,"column":34},"end":{"line":36,"column":null}},"loc":{"start":{"line":36,"column":34},"end":{"line":60,"column":null}},"line":36},"5":{"name":"(anonymous_5)","decl":{"start":{"line":41,"column":16},"end":{"line":41,"column":17}},"loc":{"start":{"line":42,"column":6},"end":{"line":42,"column":null}},"line":42},"6":{"name":"(anonymous_6)","decl":{"start":{"line":43,"column":15},"end":{"line":43,"column":16}},"loc":{"start":{"line":43,"column":19},"end":{"line":50,"column":null}},"line":43},"7":{"name":"(anonymous_7)","decl":{"start":{"line":51,"column":13},"end":{"line":51,"column":14}},"loc":{"start":{"line":51,"column":14},"end":{"line":58,"column":null}},"line":51},"8":{"name":"(anonymous_8)","decl":{"start":{"line":65,"column":34},"end":{"line":65,"column":null}},"loc":{"start":{"line":65,"column":34},"end":{"line":87,"column":null}},"line":65},"9":{"name":"(anonymous_9)","decl":{"start":{"line":70,"column":16},"end":{"line":70,"column":17}},"loc":{"start":{"line":70,"column":32},"end":{"line":70,"column":null}},"line":70},"10":{"name":"(anonymous_10)","decl":{"start":{"line":71,"column":15},"end":{"line":71,"column":null}},"loc":{"start":{"line":71,"column":15},"end":{"line":77,"column":null}},"line":71},"11":{"name":"(anonymous_11)","decl":{"start":{"line":78,"column":13},"end":{"line":78,"column":14}},"loc":{"start":{"line":78,"column":14},"end":{"line":85,"column":null}},"line":78}},"branchMap":{"0":{"loc":{"start":{"line":23,"column":27},"end":{"line":23,"column":null}},"type":"cond-expr","locations":[{"start":{"line":23,"column":52},"end":{"line":23,"column":65}},{"start":{"line":23,"column":68},"end":{"line":23,"column":null}}],"line":23},"1":{"loc":{"start":{"line":52,"column":27},"end":{"line":52,"column":null}},"type":"cond-expr","locations":[{"start":{"line":52,"column":52},"end":{"line":52,"column":65}},{"start":{"line":52,"column":68},"end":{"line":52,"column":null}}],"line":52},"2":{"loc":{"start":{"line":79,"column":27},"end":{"line":79,"column":null}},"type":"cond-expr","locations":[{"start":{"line":79,"column":52},"end":{"line":79,"column":65}},{"start":{"line":79,"column":68},"end":{"line":79,"column":null}}],"line":79}},"s":{"0":1,"1":4,"2":4,"3":4,"4":2,"5":2,"6":2,"7":0,"8":0,"9":1,"10":4,"11":4,"12":4,"13":2,"14":2,"15":2,"16":2,"17":0,"18":0,"19":1,"20":4,"21":4,"22":4,"23":2,"24":2,"25":2,"26":0,"27":0},"f":{"0":4,"1":2,"2":2,"3":0,"4":4,"5":2,"6":2,"7":0,"8":4,"9":2,"10":2,"11":0},"b":{"0":[0,0],"1":[0,0],"2":[0,0]},"meta":{"lastBranch":3,"lastFunction":12,"lastStatement":28,"seen":{"s:9:34:31:Infinity":0,"f:9:34:9:Infinity":0,"s:10:22:10:Infinity":1,"s:11:20:11:Infinity":2,"s:13:2:30:Infinity":3,"f:14:16:14:17":1,"s:14:47:14:Infinity":4,"f:15:15:15:Infinity":2,"s:16:6:16:Infinity":5,"s:17:6:20:Infinity":6,"f:22:13:22:14":3,"s:23:27:23:Infinity":7,"b:23:52:23:65:23:68:23:Infinity":0,"s:24:6:28:Infinity":8,"s:36:34:60:Infinity":9,"f:36:34:36:Infinity":4,"s:37:22:37:Infinity":10,"s:38:20:38:Infinity":11,"s:40:2:59:Infinity":12,"f:41:16:41:17":5,"s:42:6:42:Infinity":13,"f:43:15:43:16":6,"s:44:6:44:Infinity":14,"s:45:6:45:Infinity":15,"s:46:6:49:Infinity":16,"f:51:13:51:14":7,"s:52:27:52:Infinity":17,"b:52:52:52:65:52:68:52:Infinity":1,"s:53:6:57:Infinity":18,"s:65:34:87:Infinity":19,"f:65:34:65:Infinity":8,"s:66:22:66:Infinity":20,"s:67:20:67:Infinity":21,"s:69:2:86:Infinity":22,"f:70:16:70:17":9,"s:70:32:70:Infinity":23,"f:71:15:71:Infinity":10,"s:72:6:72:Infinity":24,"s:73:6:76:Infinity":25,"f:78:13:78:14":11,"s:79:27:79:Infinity":26,"b:79:52:79:65:79:68:79:Infinity":2,"s:80:6:84:Infinity":27},"fnNames":{}}}
,"/Users/njara/projets/ombiko/ombiko-frontend/src/features/admin/hooks/eventTypesHooks.ts": {"path":"/Users/njara/projets/ombiko/ombiko-frontend/src/features/admin/hooks/eventTypesHooks.ts","statementMap":{"0":{"start":{"line":9,"column":34},"end":{"line":31,"column":null}},"1":{"start":{"line":10,"column":22},"end":{"line":10,"column":null}},"2":{"start":{"line":11,"column":20},"end":{"line":11,"column":null}},"3":{"start":{"line":13,"column":2},"end":{"line":30,"column":null}},"4":{"start":{"line":14,"column":47},"end":{"line":14,"column":null}},"5":{"start":{"line":16,"column":6},"end":{"line":16,"column":null}},"6":{"start":{"line":17,"column":6},"end":{"line":20,"column":null}},"7":{"start":{"line":23,"column":27},"end":{"line":23,"column":null}},"8":{"start":{"line":24,"column":6},"end":{"line":28,"column":null}},"9":{"start":{"line":36,"column":34},"end":{"line":60,"column":null}},"10":{"start":{"line":37,"column":22},"end":{"line":37,"column":null}},"11":{"start":{"line":38,"column":20},"end":{"line":38,"column":null}},"12":{"start":{"line":40,"column":2},"end":{"line":59,"column":null}},"13":{"start":{"line":42,"column":6},"end":{"line":42,"column":null}},"14":{"start":{"line":44,"column":6},"end":{"line":44,"column":null}},"15":{"start":{"line":45,"column":6},"end":{"line":45,"column":null}},"16":{"start":{"line":46,"column":6},"end":{"line":49,"column":null}},"17":{"start":{"line":52,"column":27},"end":{"line":52,"column":null}},"18":{"start":{"line":53,"column":6},"end":{"line":57,"column":null}},"19":{"start":{"line":65,"column":34},"end":{"line":87,"column":null}},"20":{"start":{"line":66,"column":22},"end":{"line":66,"column":null}},"21":{"start":{"line":67,"column":20},"end":{"line":67,"column":null}},"22":{"start":{"line":69,"column":2},"end":{"line":86,"column":null}},"23":{"start":{"line":70,"column":32},"end":{"line":70,"column":null}},"24":{"start":{"line":72,"column":6},"end":{"line":72,"column":null}},"25":{"start":{"line":73,"column":6},"end":{"line":76,"column":null}},"26":{"start":{"line":79,"column":27},"end":{"line":79,"column":null}},"27":{"start":{"line":80,"column":6},"end":{"line":84,"column":null}}},"fnMap":{"0":{"name":"(anonymous_0)","decl":{"start":{"line":9,"column":34},"end":{"line":9,"column":null}},"loc":{"start":{"line":9,"column":34},"end":{"line":31,"column":null}},"line":9},"1":{"name":"(anonymous_1)","decl":{"start":{"line":14,"column":16},"end":{"line":14,"column":17}},"loc":{"start":{"line":14,"column":47},"end":{"line":14,"column":null}},"line":14},"2":{"name":"(anonymous_2)","decl":{"start":{"line":15,"column":15},"end":{"line":15,"column":null}},"loc":{"start":{"line":15,"column":15},"end":{"line":21,"column":null}},"line":15},"3":{"name":"(anonymous_3)","decl":{"start":{"line":22,"column":13},"end":{"line":22,"column":14}},"loc":{"start":{"line":22,"column":14},"end":{"line":29,"column":null}},"line":22},"4":{"name":"(anonymous_4)","decl":{"start":{"line":36,"column":34},"end":{"line":36,"column":null}},"loc":{"start":{"line":36,"column":34},"end":{"line":60,"column":null}},"line":36},"5":{"name":"(anonymous_5)","decl":{"start":{"line":41,"column":16},"end":{"line":41,"column":17}},"loc":{"start":{"line":42,"column":6},"end":{"line":42,"column":null}},"line":42},"6":{"name":"(anonymous_6)","decl":{"start":{"line":43,"column":15},"end":{"line":43,"column":16}},"loc":{"start":{"line":43,"column":19},"end":{"line":50,"column":null}},"line":43},"7":{"name":"(anonymous_7)","decl":{"start":{"line":51,"column":13},"end":{"line":51,"column":14}},"loc":{"start":{"line":51,"column":14},"end":{"line":58,"column":null}},"line":51},"8":{"name":"(anonymous_8)","decl":{"start":{"line":65,"column":34},"end":{"line":65,"column":null}},"loc":{"start":{"line":65,"column":34},"end":{"line":87,"column":null}},"line":65},"9":{"name":"(anonymous_9)","decl":{"start":{"line":70,"column":16},"end":{"line":70,"column":17}},"loc":{"start":{"line":70,"column":32},"end":{"line":70,"column":null}},"line":70},"10":{"name":"(anonymous_10)","decl":{"start":{"line":71,"column":15},"end":{"line":71,"column":null}},"loc":{"start":{"line":71,"column":15},"end":{"line":77,"column":null}},"line":71},"11":{"name":"(anonymous_11)","decl":{"start":{"line":78,"column":13},"end":{"line":78,"column":14}},"loc":{"start":{"line":78,"column":14},"end":{"line":85,"column":null}},"line":78}},"branchMap":{"0":{"loc":{"start":{"line":23,"column":27},"end":{"line":23,"column":null}},"type":"cond-expr","locations":[{"start":{"line":23,"column":52},"end":{"line":23,"column":65}},{"start":{"line":23,"column":68},"end":{"line":23,"column":null}}],"line":23},"1":{"loc":{"start":{"line":52,"column":27},"end":{"line":52,"column":null}},"type":"cond-expr","locations":[{"start":{"line":52,"column":52},"end":{"line":52,"column":65}},{"start":{"line":52,"column":68},"end":{"line":52,"column":null}}],"line":52},"2":{"loc":{"start":{"line":79,"column":27},"end":{"line":79,"column":null}},"type":"cond-expr","locations":[{"start":{"line":79,"column":52},"end":{"line":79,"column":65}},{"start":{"line":79,"column":68},"end":{"line":79,"column":null}}],"line":79}},"s":{"0":1,"1":4,"2":4,"3":4,"4":2,"5":2,"6":2,"7":0,"8":0,"9":1,"10":4,"11":4,"12":4,"13":2,"14":2,"15":2,"16":2,"17":0,"18":0,"19":1,"20":4,"21":4,"22":4,"23":2,"24":2,"25":2,"26":0,"27":0},"f":{"0":4,"1":2,"2":2,"3":0,"4":4,"5":2,"6":2,"7":0,"8":4,"9":2,"10":2,"11":0},"b":{"0":[0,0],"1":[0,0],"2":[0,0]},"meta":{"lastBranch":3,"lastFunction":12,"lastStatement":28,"seen":{"s:9:34:31:Infinity":0,"f:9:34:9:Infinity":0,"s:10:22:10:Infinity":1,"s:11:20:11:Infinity":2,"s:13:2:30:Infinity":3,"f:14:16:14:17":1,"s:14:47:14:Infinity":4,"f:15:15:15:Infinity":2,"s:16:6:16:Infinity":5,"s:17:6:20:Infinity":6,"f:22:13:22:14":3,"s:23:27:23:Infinity":7,"b:23:52:23:65:23:68:23:Infinity":0,"s:24:6:28:Infinity":8,"s:36:34:60:Infinity":9,"f:36:34:36:Infinity":4,"s:37:22:37:Infinity":10,"s:38:20:38:Infinity":11,"s:40:2:59:Infinity":12,"f:41:16:41:17":5,"s:42:6:42:Infinity":13,"f:43:15:43:16":6,"s:44:6:44:Infinity":14,"s:45:6:45:Infinity":15,"s:46:6:49:Infinity":16,"f:51:13:51:14":7,"s:52:27:52:Infinity":17,"b:52:52:52:65:52:68:52:Infinity":1,"s:53:6:57:Infinity":18,"s:65:34:87:Infinity":19,"f:65:34:65:Infinity":8,"s:66:22:66:Infinity":20,"s:67:20:67:Infinity":21,"s:69:2:86:Infinity":22,"f:70:16:70:17":9,"s:70:32:70:Infinity":23,"f:71:15:71:Infinity":10,"s:72:6:72:Infinity":24,"s:73:6:76:Infinity":25,"f:78:13:78:14":11,"s:79:27:79:Infinity":26,"b:79:52:79:65:79:68:79:Infinity":2,"s:80:6:84:Infinity":27},"fnNames":{}}}
,"/Users/njara/projets/ombiko/ombiko-frontend/src/features/admin/hooks/eventsHooks.ts": {"path":"/Users/njara/projets/ombiko/ombiko-frontend/src/features/admin/hooks/eventsHooks.ts","statementMap":{"0":{"start":{"line":9,"column":30},"end":{"line":31,"column":null}},"1":{"start":{"line":10,"column":22},"end":{"line":10,"column":null}},"2":{"start":{"line":11,"column":20},"end":{"line":11,"column":null}},"3":{"start":{"line":13,"column":2},"end":{"line":30,"column":null}},"4":{"start":{"line":14,"column":43},"end":{"line":14,"column":null}},"5":{"start":{"line":16,"column":6},"end":{"line":16,"column":null}},"6":{"start":{"line":17,"column":6},"end":{"line":20,"column":null}},"7":{"start":{"line":23,"column":27},"end":{"line":23,"column":null}},"8":{"start":{"line":24,"column":6},"end":{"line":28,"column":null}},"9":{"start":{"line":36,"column":30},"end":{"line":60,"column":null}},"10":{"start":{"line":37,"column":22},"end":{"line":37,"column":null}},"11":{"start":{"line":38,"column":20},"end":{"line":38,"column":null}},"12":{"start":{"line":40,"column":2},"end":{"line":59,"column":null}},"13":{"start":{"line":42,"column":6},"end":{"line":42,"column":null}},"14":{"start":{"line":44,"column":6},"end":{"line":44,"column":null}},"15":{"start":{"line":45,"column":6},"end":{"line":45,"column":null}},"16":{"start":{"line":46,"column":6},"end":{"line":49,"column":null}},"17":{"start":{"line":52,"column":27},"end":{"line":52,"column":null}},"18":{"start":{"line":53,"column":6},"end":{"line":57,"column":null}},"19":{"start":{"line":65,"column":30},"end":{"line":87,"column":null}},"20":{"start":{"line":66,"column":22},"end":{"line":66,"column":null}},"21":{"start":{"line":67,"column":20},"end":{"line":67,"column":null}},"22":{"start":{"line":69,"column":2},"end":{"line":86,"column":null}},"23":{"start":{"line":70,"column":32},"end":{"line":70,"column":null}},"24":{"start":{"line":72,"column":6},"end":{"line":72,"column":null}},"25":{"start":{"line":73,"column":6},"end":{"line":76,"column":null}},"26":{"start":{"line":79,"column":27},"end":{"line":79,"column":null}},"27":{"start":{"line":80,"column":6},"end":{"line":84,"column":null}}},"fnMap":{"0":{"name":"(anonymous_0)","decl":{"start":{"line":9,"column":30},"end":{"line":9,"column":null}},"loc":{"start":{"line":9,"column":30},"end":{"line":31,"column":null}},"line":9},"1":{"name":"(anonymous_1)","decl":{"start":{"line":14,"column":16},"end":{"line":14,"column":17}},"loc":{"start":{"line":14,"column":43},"end":{"line":14,"column":null}},"line":14},"2":{"name":"(anonymous_2)","decl":{"start":{"line":15,"column":15},"end":{"line":15,"column":null}},"loc":{"start":{"line":15,"column":15},"end":{"line":21,"column":null}},"line":15},"3":{"name":"(anonymous_3)","decl":{"start":{"line":22,"column":13},"end":{"line":22,"column":14}},"loc":{"start":{"line":22,"column":14},"end":{"line":29,"column":null}},"line":22},"4":{"name":"(anonymous_4)","decl":{"start":{"line":36,"column":30},"end":{"line":36,"column":null}},"loc":{"start":{"line":36,"column":30},"end":{"line":60,"column":null}},"line":36},"5":{"name":"(anonymous_5)","decl":{"start":{"line":41,"column":16},"end":{"line":41,"column":17}},"loc":{"start":{"line":42,"column":6},"end":{"line":42,"column":null}},"line":42},"6":{"name":"(anonymous_6)","decl":{"start":{"line":43,"column":15},"end":{"line":43,"column":16}},"loc":{"start":{"line":43,"column":19},"end":{"line":50,"column":null}},"line":43},"7":{"name":"(anonymous_7)","decl":{"start":{"line":51,"column":13},"end":{"line":51,"column":14}},"loc":{"start":{"line":51,"column":14},"end":{"line":58,"column":null}},"line":51},"8":{"name":"(anonymous_8)","decl":{"start":{"line":65,"column":30},"end":{"line":65,"column":null}},"loc":{"start":{"line":65,"column":30},"end":{"line":87,"column":null}},"line":65},"9":{"name":"(anonymous_9)","decl":{"start":{"line":70,"column":16},"end":{"line":70,"column":17}},"loc":{"start":{"line":70,"column":32},"end":{"line":70,"column":null}},"line":70},"10":{"name":"(anonymous_10)","decl":{"start":{"line":71,"column":15},"end":{"line":71,"column":null}},"loc":{"start":{"line":71,"column":15},"end":{"line":77,"column":null}},"line":71},"11":{"name":"(anonymous_11)","decl":{"start":{"line":78,"column":13},"end":{"line":78,"column":14}},"loc":{"start":{"line":78,"column":14},"end":{"line":85,"column":null}},"line":78}},"branchMap":{"0":{"loc":{"start":{"line":23,"column":27},"end":{"line":23,"column":null}},"type":"cond-expr","locations":[{"start":{"line":23,"column":52},"end":{"line":23,"column":65}},{"start":{"line":23,"column":68},"end":{"line":23,"column":null}}],"line":23},"1":{"loc":{"start":{"line":52,"column":27},"end":{"line":52,"column":null}},"type":"cond-expr","locations":[{"start":{"line":52,"column":52},"end":{"line":52,"column":65}},{"start":{"line":52,"column":68},"end":{"line":52,"column":null}}],"line":52},"2":{"loc":{"start":{"line":79,"column":27},"end":{"line":79,"column":null}},"type":"cond-expr","locations":[{"start":{"line":79,"column":52},"end":{"line":79,"column":65}},{"start":{"line":79,"column":68},"end":{"line":79,"column":null}}],"line":79}},"s":{"0":1,"1":4,"2":4,"3":4,"4":2,"5":2,"6":2,"7":0,"8":0,"9":1,"10":4,"11":4,"12":4,"13":2,"14":2,"15":2,"16":2,"17":0,"18":0,"19":1,"20":4,"21":4,"22":4,"23":2,"24":2,"25":2,"26":0,"27":0},"f":{"0":4,"1":2,"2":2,"3":0,"4":4,"5":2,"6":2,"7":0,"8":4,"9":2,"10":2,"11":0},"b":{"0":[0,0],"1":[0,0],"2":[0,0]},"meta":{"lastBranch":3,"lastFunction":12,"lastStatement":28,"seen":{"s:9:30:31:Infinity":0,"f:9:30:9:Infinity":0,"s:10:22:10:Infinity":1,"s:11:20:11:Infinity":2,"s:13:2:30:Infinity":3,"f:14:16:14:17":1,"s:14:43:14:Infinity":4,"f:15:15:15:Infinity":2,"s:16:6:16:Infinity":5,"s:17:6:20:Infinity":6,"f:22:13:22:14":3,"s:23:27:23:Infinity":7,"b:23:52:23:65:23:68:23:Infinity":0,"s:24:6:28:Infinity":8,"s:36:30:60:Infinity":9,"f:36:30:36:Infinity":4,"s:37:22:37:Infinity":10,"s:38:20:38:Infinity":11,"s:40:2:59:Infinity":12,"f:41:16:41:17":5,"s:42:6:42:Infinity":13,"f:43:15:43:16":6,"s:44:6:44:Infinity":14,"s:45:6:45:Infinity":15,"s:46:6:49:Infinity":16,"f:51:13:51:14":7,"s:52:27:52:Infinity":17,"b:52:52:52:65:52:68:52:Infinity":1,"s:53:6:57:Infinity":18,"s:65:30:87:Infinity":19,"f:65:30:65:Infinity":8,"s:66:22:66:Infinity":20,"s:67:20:67:Infinity":21,"s:69:2:86:Infinity":22,"f:70:16:70:17":9,"s:70:32:70:Infinity":23,"f:71:15:71:Infinity":10,"s:72:6:72:Infinity":24,"s:73:6:76:Infinity":25,"f:78:13:78:14":11,"s:79:27:79:Infinity":26,"b:79:52:79:65:79:68:79:Infinity":2,"s:80:6:84:Infinity":27},"fnNames":{}}}
,"/Users/njara/projets/ombiko/ombiko-frontend/src/features/admin/hooks/herdBookCattleHooks.ts": {"path":"/Users/njara/projets/ombiko/ombiko-frontend/src/features/admin/hooks/herdBookCattleHooks.ts","statementMap":{"0":{"start":{"line":9,"column":39},"end":{"line":31,"column":null}},"1":{"start":{"line":10,"column":22},"end":{"line":10,"column":null}},"2":{"start":{"line":11,"column":20},"end":{"line":11,"column":null}},"3":{"start":{"line":13,"column":2},"end":{"line":30,"column":null}},"4":{"start":{"line":14,"column":52},"end":{"line":14,"column":null}},"5":{"start":{"line":16,"column":6},"end":{"line":16,"column":null}},"6":{"start":{"line":17,"column":6},"end":{"line":20,"column":null}},"7":{"start":{"line":23,"column":27},"end":{"line":23,"column":null}},"8":{"start":{"line":24,"column":6},"end":{"line":28,"column":null}},"9":{"start":{"line":36,"column":39},"end":{"line":60,"column":null}},"10":{"start":{"line":37,"column":22},"end":{"line":37,"column":null}},"11":{"start":{"line":38,"column":20},"end":{"line":38,"column":null}},"12":{"start":{"line":40,"column":2},"end":{"line":59,"column":null}},"13":{"start":{"line":42,"column":6},"end":{"line":42,"column":null}},"14":{"start":{"line":44,"column":6},"end":{"line":44,"column":null}},"15":{"start":{"line":45,"column":6},"end":{"line":45,"column":null}},"16":{"start":{"line":46,"column":6},"end":{"line":49,"column":null}},"17":{"start":{"line":52,"column":27},"end":{"line":52,"column":null}},"18":{"start":{"line":53,"column":6},"end":{"line":57,"column":null}},"19":{"start":{"line":65,"column":39},"end":{"line":87,"column":null}},"20":{"start":{"line":66,"column":22},"end":{"line":66,"column":null}},"21":{"start":{"line":67,"column":20},"end":{"line":67,"column":null}},"22":{"start":{"line":69,"column":2},"end":{"line":86,"column":null}},"23":{"start":{"line":70,"column":32},"end":{"line":70,"column":null}},"24":{"start":{"line":72,"column":6},"end":{"line":72,"column":null}},"25":{"start":{"line":73,"column":6},"end":{"line":76,"column":null}},"26":{"start":{"line":79,"column":27},"end":{"line":79,"column":null}},"27":{"start":{"line":80,"column":6},"end":{"line":84,"column":null}}},"fnMap":{"0":{"name":"(anonymous_0)","decl":{"start":{"line":9,"column":39},"end":{"line":9,"column":null}},"loc":{"start":{"line":9,"column":39},"end":{"line":31,"column":null}},"line":9},"1":{"name":"(anonymous_1)","decl":{"start":{"line":14,"column":16},"end":{"line":14,"column":17}},"loc":{"start":{"line":14,"column":52},"end":{"line":14,"column":null}},"line":14},"2":{"name":"(anonymous_2)","decl":{"start":{"line":15,"column":15},"end":{"line":15,"column":null}},"loc":{"start":{"line":15,"column":15},"end":{"line":21,"column":null}},"line":15},"3":{"name":"(anonymous_3)","decl":{"start":{"line":22,"column":13},"end":{"line":22,"column":14}},"loc":{"start":{"line":22,"column":14},"end":{"line":29,"column":null}},"line":22},"4":{"name":"(anonymous_4)","decl":{"start":{"line":36,"column":39},"end":{"line":36,"column":null}},"loc":{"start":{"line":36,"column":39},"end":{"line":60,"column":null}},"line":36},"5":{"name":"(anonymous_5)","decl":{"start":{"line":41,"column":16},"end":{"line":41,"column":17}},"loc":{"start":{"line":42,"column":6},"end":{"line":42,"column":null}},"line":42},"6":{"name":"(anonymous_6)","decl":{"start":{"line":43,"column":15},"end":{"line":43,"column":16}},"loc":{"start":{"line":43,"column":19},"end":{"line":50,"column":null}},"line":43},"7":{"name":"(anonymous_7)","decl":{"start":{"line":51,"column":13},"end":{"line":51,"column":14}},"loc":{"start":{"line":51,"column":14},"end":{"line":58,"column":null}},"line":51},"8":{"name":"(anonymous_8)","decl":{"start":{"line":65,"column":39},"end":{"line":65,"column":null}},"loc":{"start":{"line":65,"column":39},"end":{"line":87,"column":null}},"line":65},"9":{"name":"(anonymous_9)","decl":{"start":{"line":70,"column":16},"end":{"line":70,"column":17}},"loc":{"start":{"line":70,"column":32},"end":{"line":70,"column":null}},"line":70},"10":{"name":"(anonymous_10)","decl":{"start":{"line":71,"column":15},"end":{"line":71,"column":null}},"loc":{"start":{"line":71,"column":15},"end":{"line":77,"column":null}},"line":71},"11":{"name":"(anonymous_11)","decl":{"start":{"line":78,"column":13},"end":{"line":78,"column":14}},"loc":{"start":{"line":78,"column":14},"end":{"line":85,"column":null}},"line":78}},"branchMap":{"0":{"loc":{"start":{"line":23,"column":27},"end":{"line":23,"column":null}},"type":"cond-expr","locations":[{"start":{"line":23,"column":52},"end":{"line":23,"column":65}},{"start":{"line":23,"column":68},"end":{"line":23,"column":null}}],"line":23},"1":{"loc":{"start":{"line":52,"column":27},"end":{"line":52,"column":null}},"type":"cond-expr","locations":[{"start":{"line":52,"column":52},"end":{"line":52,"column":65}},{"start":{"line":52,"column":68},"end":{"line":52,"column":null}}],"line":52},"2":{"loc":{"start":{"line":79,"column":27},"end":{"line":79,"column":null}},"type":"cond-expr","locations":[{"start":{"line":79,"column":52},"end":{"line":79,"column":65}},{"start":{"line":79,"column":68},"end":{"line":79,"column":null}}],"line":79}},"s":{"0":1,"1":4,"2":4,"3":4,"4":2,"5":2,"6":2,"7":0,"8":0,"9":1,"10":4,"11":4,"12":4,"13":2,"14":2,"15":2,"16":2,"17":0,"18":0,"19":1,"20":4,"21":4,"22":4,"23":2,"24":2,"25":2,"26":0,"27":0},"f":{"0":4,"1":2,"2":2,"3":0,"4":4,"5":2,"6":2,"7":0,"8":4,"9":2,"10":2,"11":0},"b":{"0":[0,0],"1":[0,0],"2":[0,0]},"meta":{"lastBranch":3,"lastFunction":12,"lastStatement":28,"seen":{"s:9:39:31:Infinity":0,"f:9:39:9:Infinity":0,"s:10:22:10:Infinity":1,"s:11:20:11:Infinity":2,"s:13:2:30:Infinity":3,"f:14:16:14:17":1,"s:14:52:14:Infinity":4,"f:15:15:15:Infinity":2,"s:16:6:16:Infinity":5,"s:17:6:20:Infinity":6,"f:22:13:22:14":3,"s:23:27:23:Infinity":7,"b:23:52:23:65:23:68:23:Infinity":0,"s:24:6:28:Infinity":8,"s:36:39:60:Infinity":9,"f:36:39:36:Infinity":4,"s:37:22:37:Infinity":10,"s:38:20:38:Infinity":11,"s:40:2:59:Infinity":12,"f:41:16:41:17":5,"s:42:6:42:Infinity":13,"f:43:15:43:16":6,"s:44:6:44:Infinity":14,"s:45:6:45:Infinity":15,"s:46:6:49:Infinity":16,"f:51:13:51:14":7,"s:52:27:52:Infinity":17,"b:52:52:52:65:52:68:52:Infinity":1,"s:53:6:57:Infinity":18,"s:65:39:87:Infinity":19,"f:65:39:65:Infinity":8,"s:66:22:66:Infinity":20,"s:67:20:67:Infinity":21,"s:69:2:86:Infinity":22,"f:70:16:70:17":9,"s:70:32:70:Infinity":23,"f:71:15:71:Infinity":10,"s:72:6:72:Infinity":24,"s:73:6:76:Infinity":25,"f:78:13:78:14":11,"s:79:27:79:Infinity":26,"b:79:52:79:65:79:68:79:Infinity":2,"s:80:6:84:Infinity":27},"fnNames":{}}}
,"/Users/njara/projets/ombiko/ombiko-frontend/src/features/admin/hooks/herdBooksHooks.ts": {"path":"/Users/njara/projets/ombiko/ombiko-frontend/src/features/admin/hooks/herdBooksHooks.ts","statementMap":{"0":{"start":{"line":9,"column":33},"end":{"line":31,"column":null}},"1":{"start":{"line":10,"column":22},"end":{"line":10,"column":null}},"2":{"start":{"line":11,"column":20},"end":{"line":11,"column":null}},"3":{"start":{"line":13,"column":2},"end":{"line":30,"column":null}},"4":{"start":{"line":14,"column":46},"end":{"line":14,"column":null}},"5":{"start":{"line":16,"column":6},"end":{"line":16,"column":null}},"6":{"start":{"line":17,"column":6},"end":{"line":20,"column":null}},"7":{"start":{"line":23,"column":27},"end":{"line":23,"column":null}},"8":{"start":{"line":24,"column":6},"end":{"line":28,"column":null}},"9":{"start":{"line":36,"column":33},"end":{"line":60,"column":null}},"10":{"start":{"line":37,"column":22},"end":{"line":37,"column":null}},"11":{"start":{"line":38,"column":20},"end":{"line":38,"column":null}},"12":{"start":{"line":40,"column":2},"end":{"line":59,"column":null}},"13":{"start":{"line":42,"column":6},"end":{"line":42,"column":null}},"14":{"start":{"line":44,"column":6},"end":{"line":44,"column":null}},"15":{"start":{"line":45,"column":6},"end":{"line":45,"column":null}},"16":{"start":{"line":46,"column":6},"end":{"line":49,"column":null}},"17":{"start":{"line":52,"column":27},"end":{"line":52,"column":null}},"18":{"start":{"line":53,"column":6},"end":{"line":57,"column":null}},"19":{"start":{"line":65,"column":33},"end":{"line":87,"column":null}},"20":{"start":{"line":66,"column":22},"end":{"line":66,"column":null}},"21":{"start":{"line":67,"column":20},"end":{"line":67,"column":null}},"22":{"start":{"line":69,"column":2},"end":{"line":86,"column":null}},"23":{"start":{"line":70,"column":32},"end":{"line":70,"column":null}},"24":{"start":{"line":72,"column":6},"end":{"line":72,"column":null}},"25":{"start":{"line":73,"column":6},"end":{"line":76,"column":null}},"26":{"start":{"line":79,"column":27},"end":{"line":79,"column":null}},"27":{"start":{"line":80,"column":6},"end":{"line":84,"column":null}}},"fnMap":{"0":{"name":"(anonymous_0)","decl":{"start":{"line":9,"column":33},"end":{"line":9,"column":null}},"loc":{"start":{"line":9,"column":33},"end":{"line":31,"column":null}},"line":9},"1":{"name":"(anonymous_1)","decl":{"start":{"line":14,"column":16},"end":{"line":14,"column":17}},"loc":{"start":{"line":14,"column":46},"end":{"line":14,"column":null}},"line":14},"2":{"name":"(anonymous_2)","decl":{"start":{"line":15,"column":15},"end":{"line":15,"column":null}},"loc":{"start":{"line":15,"column":15},"end":{"line":21,"column":null}},"line":15},"3":{"name":"(anonymous_3)","decl":{"start":{"line":22,"column":13},"end":{"line":22,"column":14}},"loc":{"start":{"line":22,"column":14},"end":{"line":29,"column":null}},"line":22},"4":{"name":"(anonymous_4)","decl":{"start":{"line":36,"column":33},"end":{"line":36,"column":null}},"loc":{"start":{"line":36,"column":33},"end":{"line":60,"column":null}},"line":36},"5":{"name":"(anonymous_5)","decl":{"start":{"line":41,"column":16},"end":{"line":41,"column":17}},"loc":{"start":{"line":42,"column":6},"end":{"line":42,"column":null}},"line":42},"6":{"name":"(anonymous_6)","decl":{"start":{"line":43,"column":15},"end":{"line":43,"column":16}},"loc":{"start":{"line":43,"column":19},"end":{"line":50,"column":null}},"line":43},"7":{"name":"(anonymous_7)","decl":{"start":{"line":51,"column":13},"end":{"line":51,"column":14}},"loc":{"start":{"line":51,"column":14},"end":{"line":58,"column":null}},"line":51},"8":{"name":"(anonymous_8)","decl":{"start":{"line":65,"column":33},"end":{"line":65,"column":null}},"loc":{"start":{"line":65,"column":33},"end":{"line":87,"column":null}},"line":65},"9":{"name":"(anonymous_9)","decl":{"start":{"line":70,"column":16},"end":{"line":70,"column":17}},"loc":{"start":{"line":70,"column":32},"end":{"line":70,"column":null}},"line":70},"10":{"name":"(anonymous_10)","decl":{"start":{"line":71,"column":15},"end":{"line":71,"column":null}},"loc":{"start":{"line":71,"column":15},"end":{"line":77,"column":null}},"line":71},"11":{"name":"(anonymous_11)","decl":{"start":{"line":78,"column":13},"end":{"line":78,"column":14}},"loc":{"start":{"line":78,"column":14},"end":{"line":85,"column":null}},"line":78}},"branchMap":{"0":{"loc":{"start":{"line":23,"column":27},"end":{"line":23,"column":null}},"type":"cond-expr","locations":[{"start":{"line":23,"column":52},"end":{"line":23,"column":65}},{"start":{"line":23,"column":68},"end":{"line":23,"column":null}}],"line":23},"1":{"loc":{"start":{"line":52,"column":27},"end":{"line":52,"column":null}},"type":"cond-expr","locations":[{"start":{"line":52,"column":52},"end":{"line":52,"column":65}},{"start":{"line":52,"column":68},"end":{"line":52,"column":null}}],"line":52},"2":{"loc":{"start":{"line":79,"column":27},"end":{"line":79,"column":null}},"type":"cond-expr","locations":[{"start":{"line":79,"column":52},"end":{"line":79,"column":65}},{"start":{"line":79,"column":68},"end":{"line":79,"column":null}}],"line":79}},"s":{"0":1,"1":4,"2":4,"3":4,"4":2,"5":2,"6":2,"7":0,"8":0,"9":1,"10":4,"11":4,"12":4,"13":2,"14":2,"15":2,"16":2,"17":0,"18":0,"19":1,"20":4,"21":4,"22":4,"23":2,"24":2,"25":2,"26":0,"27":0},"f":{"0":4,"1":2,"2":2,"3":0,"4":4,"5":2,"6":2,"7":0,"8":4,"9":2,"10":2,"11":0},"b":{"0":[0,0],"1":[0,0],"2":[0,0]},"meta":{"lastBranch":3,"lastFunction":12,"lastStatement":28,"seen":{"s:9:33:31:Infinity":0,"f:9:33:9:Infinity":0,"s:10:22:10:Infinity":1,"s:11:20:11:Infinity":2,"s:13:2:30:Infinity":3,"f:14:16:14:17":1,"s:14:46:14:Infinity":4,"f:15:15:15:Infinity":2,"s:16:6:16:Infinity":5,"s:17:6:20:Infinity":6,"f:22:13:22:14":3,"s:23:27:23:Infinity":7,"b:23:52:23:65:23:68:23:Infinity":0,"s:24:6:28:Infinity":8,"s:36:33:60:Infinity":9,"f:36:33:36:Infinity":4,"s:37:22:37:Infinity":10,"s:38:20:38:Infinity":11,"s:40:2:59:Infinity":12,"f:41:16:41:17":5,"s:42:6:42:Infinity":13,"f:43:15:43:16":6,"s:44:6:44:Infinity":14,"s:45:6:45:Infinity":15,"s:46:6:49:Infinity":16,"f:51:13:51:14":7,"s:52:27:52:Infinity":17,"b:52:52:52:65:52:68:52:Infinity":1,"s:53:6:57:Infinity":18,"s:65:33:87:Infinity":19,"f:65:33:65:Infinity":8,"s:66:22:66:Infinity":20,"s:67:20:67:Infinity":21,"s:69:2:86:Infinity":22,"f:70:16:70:17":9,"s:70:32:70:Infinity":23,"f:71:15:71:Infinity":10,"s:72:6:72:Infinity":24,"s:73:6:76:Infinity":25,"f:78:13:78:14":11,"s:79:27:79:Infinity":26,"b:79:52:79:65:79:68:79:Infinity":2,"s:80:6:84:Infinity":27},"fnNames":{}}}
,"/Users/njara/projets/ombiko/ombiko-frontend/src/features/admin/hooks/invitationsHooks.ts": {"path":"/Users/njara/projets/ombiko/ombiko-frontend/src/features/admin/hooks/invitationsHooks.ts","statementMap":{"0":{"start":{"line":9,"column":35},"end":{"line":32,"column":null}},"1":{"start":{"line":10,"column":22},"end":{"line":10,"column":null}},"2":{"start":{"line":11,"column":20},"end":{"line":11,"column":null}},"3":{"start":{"line":13,"column":2},"end":{"line":31,"column":null}},"4":{"start":{"line":14,"column":48},"end":{"line":14,"column":null}},"5":{"start":{"line":16,"column":6},"end":{"line":16,"column":null}},"6":{"start":{"line":17,"column":6},"end":{"line":20,"column":null}},"7":{"start":{"line":21,"column":6},"end":{"line":21,"column":null}},"8":{"start":{"line":24,"column":27},"end":{"line":24,"column":null}},"9":{"start":{"line":25,"column":6},"end":{"line":29,"column":null}},"10":{"start":{"line":37,"column":35},"end":{"line":59,"column":null}},"11":{"start":{"line":38,"column":22},"end":{"line":38,"column":null}},"12":{"start":{"line":39,"column":20},"end":{"line":39,"column":null}},"13":{"start":{"line":41,"column":2},"end":{"line":58,"column":null}},"14":{"start":{"line":42,"column":32},"end":{"line":42,"column":null}},"15":{"start":{"line":44,"column":6},"end":{"line":44,"column":null}},"16":{"start":{"line":45,"column":6},"end":{"line":48,"column":null}},"17":{"start":{"line":51,"column":27},"end":{"line":51,"column":null}},"18":{"start":{"line":52,"column":6},"end":{"line":56,"column":null}}},"fnMap":{"0":{"name":"(anonymous_0)","decl":{"start":{"line":9,"column":35},"end":{"line":9,"column":null}},"loc":{"start":{"line":9,"column":35},"end":{"line":32,"column":null}},"line":9},"1":{"name":"(anonymous_1)","decl":{"start":{"line":14,"column":16},"end":{"line":14,"column":17}},"loc":{"start":{"line":14,"column":48},"end":{"line":14,"column":null}},"line":14},"2":{"name":"(anonymous_2)","decl":{"start":{"line":15,"column":15},"end":{"line":15,"column":16}},"loc":{"start":{"line":15,"column":16},"end":{"line":22,"column":null}},"line":15},"3":{"name":"(anonymous_3)","decl":{"start":{"line":23,"column":13},"end":{"line":23,"column":14}},"loc":{"start":{"line":23,"column":14},"end":{"line":30,"column":null}},"line":23},"4":{"name":"(anonymous_4)","decl":{"start":{"line":37,"column":35},"end":{"line":37,"column":null}},"loc":{"start":{"line":37,"column":35},"end":{"line":59,"column":null}},"line":37},"5":{"name":"(anonymous_5)","decl":{"start":{"line":42,"column":16},"end":{"line":42,"column":17}},"loc":{"start":{"line":42,"column":32},"end":{"line":42,"column":null}},"line":42},"6":{"name":"(anonymous_6)","decl":{"start":{"line":43,"column":15},"end":{"line":43,"column":null}},"loc":{"start":{"line":43,"column":15},"end":{"line":49,"column":null}},"line":43},"7":{"name":"(anonymous_7)","decl":{"start":{"line":50,"column":13},"end":{"line":50,"column":14}},"loc":{"start":{"line":50,"column":14},"end":{"line":57,"column":null}},"line":50}},"branchMap":{"0":{"loc":{"start":{"line":24,"column":27},"end":{"line":24,"column":null}},"type":"cond-expr","locations":[{"start":{"line":24,"column":52},"end":{"line":24,"column":65}},{"start":{"line":24,"column":68},"end":{"line":24,"column":null}}],"line":24},"1":{"loc":{"start":{"line":51,"column":27},"end":{"line":51,"column":null}},"type":"cond-expr","locations":[{"start":{"line":51,"column":52},"end":{"line":51,"column":65}},{"start":{"line":51,"column":68},"end":{"line":51,"column":null}}],"line":51}},"s":{"0":1,"1":4,"2":4,"3":4,"4":2,"5":2,"6":2,"7":2,"8":0,"9":0,"10":1,"11":4,"12":4,"13":4,"14":2,"15":2,"16":2,"17":0,"18":0},"f":{"0":4,"1":2,"2":2,"3":0,"4":4,"5":2,"6":2,"7":0},"b":{"0":[0,0],"1":[0,0]},"meta":{"lastBranch":2,"lastFunction":8,"lastStatement":19,"seen":{"s:9:35:32:Infinity":0,"f:9:35:9:Infinity":0,"s:10:22:10:Infinity":1,"s:11:20:11:Infinity":2,"s:13:2:31:Infinity":3,"f:14:16:14:17":1,"s:14:48:14:Infinity":4,"f:15:15:15:16":2,"s:16:6:16:Infinity":5,"s:17:6:20:Infinity":6,"s:21:6:21:Infinity":7,"f:23:13:23:14":3,"s:24:27:24:Infinity":8,"b:24:52:24:65:24:68:24:Infinity":0,"s:25:6:29:Infinity":9,"s:37:35:59:Infinity":10,"f:37:35:37:Infinity":4,"s:38:22:38:Infinity":11,"s:39:20:39:Infinity":12,"s:41:2:58:Infinity":13,"f:42:16:42:17":5,"s:42:32:42:Infinity":14,"f:43:15:43:Infinity":6,"s:44:6:44:Infinity":15,"s:45:6:48:Infinity":16,"f:50:13:50:14":7,"s:51:27:51:Infinity":17,"b:51:52:51:65:51:68:51:Infinity":1,"s:52:6:56:Infinity":18},"fnNames":{}}}
,"/Users/njara/projets/ombiko/ombiko-frontend/src/features/admin/hooks/medicamentsHooks.ts": {"path":"/Users/njara/projets/ombiko/ombiko-frontend/src/features/admin/hooks/medicamentsHooks.ts","statementMap":{"0":{"start":{"line":9,"column":35},"end":{"line":31,"column":null}},"1":{"start":{"line":10,"column":22},"end":{"line":10,"column":null}},"2":{"start":{"line":11,"column":20},"end":{"line":11,"column":null}},"3":{"start":{"line":13,"column":2},"end":{"line":30,"column":null}},"4":{"start":{"line":14,"column":48},"end":{"line":14,"column":null}},"5":{"start":{"line":16,"column":6},"end":{"line":16,"column":null}},"6":{"start":{"line":17,"column":6},"end":{"line":20,"column":null}},"7":{"start":{"line":23,"column":27},"end":{"line":23,"column":null}},"8":{"start":{"line":24,"column":6},"end":{"line":28,"column":null}},"9":{"start":{"line":36,"column":35},"end":{"line":60,"column":null}},"10":{"start":{"line":37,"column":22},"end":{"line":37,"column":null}},"11":{"start":{"line":38,"column":20},"end":{"line":38,"column":null}},"12":{"start":{"line":40,"column":2},"end":{"line":59,"column":null}},"13":{"start":{"line":42,"column":6},"end":{"line":42,"column":null}},"14":{"start":{"line":44,"column":6},"end":{"line":44,"column":null}},"15":{"start":{"line":45,"column":6},"end":{"line":45,"column":null}},"16":{"start":{"line":46,"column":6},"end":{"line":49,"column":null}},"17":{"start":{"line":52,"column":27},"end":{"line":52,"column":null}},"18":{"start":{"line":53,"column":6},"end":{"line":57,"column":null}},"19":{"start":{"line":65,"column":35},"end":{"line":87,"column":null}},"20":{"start":{"line":66,"column":22},"end":{"line":66,"column":null}},"21":{"start":{"line":67,"column":20},"end":{"line":67,"column":null}},"22":{"start":{"line":69,"column":2},"end":{"line":86,"column":null}},"23":{"start":{"line":70,"column":32},"end":{"line":70,"column":null}},"24":{"start":{"line":72,"column":6},"end":{"line":72,"column":null}},"25":{"start":{"line":73,"column":6},"end":{"line":76,"column":null}},"26":{"start":{"line":79,"column":27},"end":{"line":79,"column":null}},"27":{"start":{"line":80,"column":6},"end":{"line":84,"column":null}}},"fnMap":{"0":{"name":"(anonymous_0)","decl":{"start":{"line":9,"column":35},"end":{"line":9,"column":null}},"loc":{"start":{"line":9,"column":35},"end":{"line":31,"column":null}},"line":9},"1":{"name":"(anonymous_1)","decl":{"start":{"line":14,"column":16},"end":{"line":14,"column":17}},"loc":{"start":{"line":14,"column":48},"end":{"line":14,"column":null}},"line":14},"2":{"name":"(anonymous_2)","decl":{"start":{"line":15,"column":15},"end":{"line":15,"column":null}},"loc":{"start":{"line":15,"column":15},"end":{"line":21,"column":null}},"line":15},"3":{"name":"(anonymous_3)","decl":{"start":{"line":22,"column":13},"end":{"line":22,"column":14}},"loc":{"start":{"line":22,"column":14},"end":{"line":29,"column":null}},"line":22},"4":{"name":"(anonymous_4)","decl":{"start":{"line":36,"column":35},"end":{"line":36,"column":null}},"loc":{"start":{"line":36,"column":35},"end":{"line":60,"column":null}},"line":36},"5":{"name":"(anonymous_5)","decl":{"start":{"line":41,"column":16},"end":{"line":41,"column":17}},"loc":{"start":{"line":42,"column":6},"end":{"line":42,"column":null}},"line":42},"6":{"name":"(anonymous_6)","decl":{"start":{"line":43,"column":15},"end":{"line":43,"column":16}},"loc":{"start":{"line":43,"column":19},"end":{"line":50,"column":null}},"line":43},"7":{"name":"(anonymous_7)","decl":{"start":{"line":51,"column":13},"end":{"line":51,"column":14}},"loc":{"start":{"line":51,"column":14},"end":{"line":58,"column":null}},"line":51},"8":{"name":"(anonymous_8)","decl":{"start":{"line":65,"column":35},"end":{"line":65,"column":null}},"loc":{"start":{"line":65,"column":35},"end":{"line":87,"column":null}},"line":65},"9":{"name":"(anonymous_9)","decl":{"start":{"line":70,"column":16},"end":{"line":70,"column":17}},"loc":{"start":{"line":70,"column":32},"end":{"line":70,"column":null}},"line":70},"10":{"name":"(anonymous_10)","decl":{"start":{"line":71,"column":15},"end":{"line":71,"column":null}},"loc":{"start":{"line":71,"column":15},"end":{"line":77,"column":null}},"line":71},"11":{"name":"(anonymous_11)","decl":{"start":{"line":78,"column":13},"end":{"line":78,"column":14}},"loc":{"start":{"line":78,"column":14},"end":{"line":85,"column":null}},"line":78}},"branchMap":{"0":{"loc":{"start":{"line":23,"column":27},"end":{"line":23,"column":null}},"type":"cond-expr","locations":[{"start":{"line":23,"column":52},"end":{"line":23,"column":65}},{"start":{"line":23,"column":68},"end":{"line":23,"column":null}}],"line":23},"1":{"loc":{"start":{"line":52,"column":27},"end":{"line":52,"column":null}},"type":"cond-expr","locations":[{"start":{"line":52,"column":52},"end":{"line":52,"column":65}},{"start":{"line":52,"column":68},"end":{"line":52,"column":null}}],"line":52},"2":{"loc":{"start":{"line":79,"column":27},"end":{"line":79,"column":null}},"type":"cond-expr","locations":[{"start":{"line":79,"column":52},"end":{"line":79,"column":65}},{"start":{"line":79,"column":68},"end":{"line":79,"column":null}}],"line":79}},"s":{"0":1,"1":4,"2":4,"3":4,"4":2,"5":2,"6":2,"7":0,"8":0,"9":1,"10":4,"11":4,"12":4,"13":2,"14":2,"15":2,"16":2,"17":0,"18":0,"19":1,"20":4,"21":4,"22":4,"23":2,"24":2,"25":2,"26":0,"27":0},"f":{"0":4,"1":2,"2":2,"3":0,"4":4,"5":2,"6":2,"7":0,"8":4,"9":2,"10":2,"11":0},"b":{"0":[0,0],"1":[0,0],"2":[0,0]},"meta":{"lastBranch":3,"lastFunction":12,"lastStatement":28,"seen":{"s:9:35:31:Infinity":0,"f:9:35:9:Infinity":0,"s:10:22:10:Infinity":1,"s:11:20:11:Infinity":2,"s:13:2:30:Infinity":3,"f:14:16:14:17":1,"s:14:48:14:Infinity":4,"f:15:15:15:Infinity":2,"s:16:6:16:Infinity":5,"s:17:6:20:Infinity":6,"f:22:13:22:14":3,"s:23:27:23:Infinity":7,"b:23:52:23:65:23:68:23:Infinity":0,"s:24:6:28:Infinity":8,"s:36:35:60:Infinity":9,"f:36:35:36:Infinity":4,"s:37:22:37:Infinity":10,"s:38:20:38:Infinity":11,"s:40:2:59:Infinity":12,"f:41:16:41:17":5,"s:42:6:42:Infinity":13,"f:43:15:43:16":6,"s:44:6:44:Infinity":14,"s:45:6:45:Infinity":15,"s:46:6:49:Infinity":16,"f:51:13:51:14":7,"s:52:27:52:Infinity":17,"b:52:52:52:65:52:68:52:Infinity":1,"s:53:6:57:Infinity":18,"s:65:35:87:Infinity":19,"f:65:35:65:Infinity":8,"s:66:22:66:Infinity":20,"s:67:20:67:Infinity":21,"s:69:2:86:Infinity":22,"f:70:16:70:17":9,"s:70:32:70:Infinity":23,"f:71:15:71:Infinity":10,"s:72:6:72:Infinity":24,"s:73:6:76:Infinity":25,"f:78:13:78:14":11,"s:79:27:79:Infinity":26,"b:79:52:79:65:79:68:79:Infinity":2,"s:80:6:84:Infinity":27},"fnNames":{}}}
,"/Users/njara/projets/ombiko/ombiko-frontend/src/features/admin/hooks/ownersHooks.ts": {"path":"/Users/njara/projets/ombiko/ombiko-frontend/src/features/admin/hooks/ownersHooks.ts","statementMap":{"0":{"start":{"line":9,"column":30},"end":{"line":31,"column":null}},"1":{"start":{"line":10,"column":22},"end":{"line":10,"column":null}},"2":{"start":{"line":11,"column":20},"end":{"line":11,"column":null}},"3":{"start":{"line":13,"column":2},"end":{"line":30,"column":null}},"4":{"start":{"line":14,"column":43},"end":{"line":14,"column":null}},"5":{"start":{"line":16,"column":6},"end":{"line":16,"column":null}},"6":{"start":{"line":17,"column":6},"end":{"line":20,"column":null}},"7":{"start":{"line":23,"column":27},"end":{"line":23,"column":null}},"8":{"start":{"line":24,"column":6},"end":{"line":28,"column":null}},"9":{"start":{"line":36,"column":30},"end":{"line":60,"column":null}},"10":{"start":{"line":37,"column":22},"end":{"line":37,"column":null}},"11":{"start":{"line":38,"column":20},"end":{"line":38,"column":null}},"12":{"start":{"line":40,"column":2},"end":{"line":59,"column":null}},"13":{"start":{"line":42,"column":6},"end":{"line":42,"column":null}},"14":{"start":{"line":44,"column":6},"end":{"line":44,"column":null}},"15":{"start":{"line":45,"column":6},"end":{"line":45,"column":null}},"16":{"start":{"line":46,"column":6},"end":{"line":49,"column":null}},"17":{"start":{"line":52,"column":27},"end":{"line":52,"column":null}},"18":{"start":{"line":53,"column":6},"end":{"line":57,"column":null}},"19":{"start":{"line":65,"column":30},"end":{"line":87,"column":null}},"20":{"start":{"line":66,"column":22},"end":{"line":66,"column":null}},"21":{"start":{"line":67,"column":20},"end":{"line":67,"column":null}},"22":{"start":{"line":69,"column":2},"end":{"line":86,"column":null}},"23":{"start":{"line":70,"column":32},"end":{"line":70,"column":null}},"24":{"start":{"line":72,"column":6},"end":{"line":72,"column":null}},"25":{"start":{"line":73,"column":6},"end":{"line":76,"column":null}},"26":{"start":{"line":79,"column":27},"end":{"line":79,"column":null}},"27":{"start":{"line":80,"column":6},"end":{"line":84,"column":null}}},"fnMap":{"0":{"name":"(anonymous_0)","decl":{"start":{"line":9,"column":30},"end":{"line":9,"column":null}},"loc":{"start":{"line":9,"column":30},"end":{"line":31,"column":null}},"line":9},"1":{"name":"(anonymous_1)","decl":{"start":{"line":14,"column":16},"end":{"line":14,"column":17}},"loc":{"start":{"line":14,"column":43},"end":{"line":14,"column":null}},"line":14},"2":{"name":"(anonymous_2)","decl":{"start":{"line":15,"column":15},"end":{"line":15,"column":null}},"loc":{"start":{"line":15,"column":15},"end":{"line":21,"column":null}},"line":15},"3":{"name":"(anonymous_3)","decl":{"start":{"line":22,"column":13},"end":{"line":22,"column":14}},"loc":{"start":{"line":22,"column":14},"end":{"line":29,"column":null}},"line":22},"4":{"name":"(anonymous_4)","decl":{"start":{"line":36,"column":30},"end":{"line":36,"column":null}},"loc":{"start":{"line":36,"column":30},"end":{"line":60,"column":null}},"line":36},"5":{"name":"(anonymous_5)","decl":{"start":{"line":41,"column":16},"end":{"line":41,"column":17}},"loc":{"start":{"line":42,"column":6},"end":{"line":42,"column":null}},"line":42},"6":{"name":"(anonymous_6)","decl":{"start":{"line":43,"column":15},"end":{"line":43,"column":16}},"loc":{"start":{"line":43,"column":19},"end":{"line":50,"column":null}},"line":43},"7":{"name":"(anonymous_7)","decl":{"start":{"line":51,"column":13},"end":{"line":51,"column":14}},"loc":{"start":{"line":51,"column":14},"end":{"line":58,"column":null}},"line":51},"8":{"name":"(anonymous_8)","decl":{"start":{"line":65,"column":30},"end":{"line":65,"column":null}},"loc":{"start":{"line":65,"column":30},"end":{"line":87,"column":null}},"line":65},"9":{"name":"(anonymous_9)","decl":{"start":{"line":70,"column":16},"end":{"line":70,"column":17}},"loc":{"start":{"line":70,"column":32},"end":{"line":70,"column":null}},"line":70},"10":{"name":"(anonymous_10)","decl":{"start":{"line":71,"column":15},"end":{"line":71,"column":null}},"loc":{"start":{"line":71,"column":15},"end":{"line":77,"column":null}},"line":71},"11":{"name":"(anonymous_11)","decl":{"start":{"line":78,"column":13},"end":{"line":78,"column":14}},"loc":{"start":{"line":78,"column":14},"end":{"line":85,"column":null}},"line":78}},"branchMap":{"0":{"loc":{"start":{"line":23,"column":27},"end":{"line":23,"column":null}},"type":"cond-expr","locations":[{"start":{"line":23,"column":52},"end":{"line":23,"column":65}},{"start":{"line":23,"column":68},"end":{"line":23,"column":null}}],"line":23},"1":{"loc":{"start":{"line":52,"column":27},"end":{"line":52,"column":null}},"type":"cond-expr","locations":[{"start":{"line":52,"column":52},"end":{"line":52,"column":65}},{"start":{"line":52,"column":68},"end":{"line":52,"column":null}}],"line":52},"2":{"loc":{"start":{"line":79,"column":27},"end":{"line":79,"column":null}},"type":"cond-expr","locations":[{"start":{"line":79,"column":52},"end":{"line":79,"column":65}},{"start":{"line":79,"column":68},"end":{"line":79,"column":null}}],"line":79}},"s":{"0":1,"1":4,"2":4,"3":4,"4":2,"5":2,"6":2,"7":0,"8":0,"9":1,"10":4,"11":4,"12":4,"13":2,"14":2,"15":2,"16":2,"17":0,"18":0,"19":1,"20":4,"21":4,"22":4,"23":2,"24":2,"25":2,"26":0,"27":0},"f":{"0":4,"1":2,"2":2,"3":0,"4":4,"5":2,"6":2,"7":0,"8":4,"9":2,"10":2,"11":0},"b":{"0":[0,0],"1":[0,0],"2":[0,0]},"meta":{"lastBranch":3,"lastFunction":12,"lastStatement":28,"seen":{"s:9:30:31:Infinity":0,"f:9:30:9:Infinity":0,"s:10:22:10:Infinity":1,"s:11:20:11:Infinity":2,"s:13:2:30:Infinity":3,"f:14:16:14:17":1,"s:14:43:14:Infinity":4,"f:15:15:15:Infinity":2,"s:16:6:16:Infinity":5,"s:17:6:20:Infinity":6,"f:22:13:22:14":3,"s:23:27:23:Infinity":7,"b:23:52:23:65:23:68:23:Infinity":0,"s:24:6:28:Infinity":8,"s:36:30:60:Infinity":9,"f:36:30:36:Infinity":4,"s:37:22:37:Infinity":10,"s:38:20:38:Infinity":11,"s:40:2:59:Infinity":12,"f:41:16:41:17":5,"s:42:6:42:Infinity":13,"f:43:15:43:16":6,"s:44:6:44:Infinity":14,"s:45:6:45:Infinity":15,"s:46:6:49:Infinity":16,"f:51:13:51:14":7,"s:52:27:52:Infinity":17,"b:52:52:52:65:52:68:52:Infinity":1,"s:53:6:57:Infinity":18,"s:65:30:87:Infinity":19,"f:65:30:65:Infinity":8,"s:66:22:66:Infinity":20,"s:67:20:67:Infinity":21,"s:69:2:86:Infinity":22,"f:70:16:70:17":9,"s:70:32:70:Infinity":23,"f:71:15:71:Infinity":10,"s:72:6:72:Infinity":24,"s:73:6:76:Infinity":25,"f:78:13:78:14":11,"s:79:27:79:Infinity":26,"b:79:52:79:65:79:68:79:Infinity":2,"s:80:6:84:Infinity":27},"fnNames":{}}}
,"/Users/njara/projets/ombiko/ombiko-frontend/src/features/admin/hooks/purchasesHooks.ts": {"path":"/Users/njara/projets/ombiko/ombiko-frontend/src/features/admin/hooks/purchasesHooks.ts","statementMap":{"0":{"start":{"line":9,"column":33},"end":{"line":31,"column":null}},"1":{"start":{"line":10,"column":22},"end":{"line":10,"column":null}},"2":{"start":{"line":11,"column":20},"end":{"line":11,"column":null}},"3":{"start":{"line":13,"column":2},"end":{"line":30,"column":null}},"4":{"start":{"line":14,"column":46},"end":{"line":14,"column":null}},"5":{"start":{"line":16,"column":6},"end":{"line":16,"column":null}},"6":{"start":{"line":17,"column":6},"end":{"line":20,"column":null}},"7":{"start":{"line":23,"column":27},"end":{"line":23,"column":null}},"8":{"start":{"line":24,"column":6},"end":{"line":28,"column":null}},"9":{"start":{"line":36,"column":33},"end":{"line":60,"column":null}},"10":{"start":{"line":37,"column":22},"end":{"line":37,"column":null}},"11":{"start":{"line":38,"column":20},"end":{"line":38,"column":null}},"12":{"start":{"line":40,"column":2},"end":{"line":59,"column":null}},"13":{"start":{"line":42,"column":6},"end":{"line":42,"column":null}},"14":{"start":{"line":44,"column":6},"end":{"line":44,"column":null}},"15":{"start":{"line":45,"column":6},"end":{"line":45,"column":null}},"16":{"start":{"line":46,"column":6},"end":{"line":49,"column":null}},"17":{"start":{"line":52,"column":27},"end":{"line":52,"column":null}},"18":{"start":{"line":53,"column":6},"end":{"line":57,"column":null}},"19":{"start":{"line":65,"column":33},"end":{"line":87,"column":null}},"20":{"start":{"line":66,"column":22},"end":{"line":66,"column":null}},"21":{"start":{"line":67,"column":20},"end":{"line":67,"column":null}},"22":{"start":{"line":69,"column":2},"end":{"line":86,"column":null}},"23":{"start":{"line":70,"column":32},"end":{"line":70,"column":null}},"24":{"start":{"line":72,"column":6},"end":{"line":72,"column":null}},"25":{"start":{"line":73,"column":6},"end":{"line":76,"column":null}},"26":{"start":{"line":79,"column":27},"end":{"line":79,"column":null}},"27":{"start":{"line":80,"column":6},"end":{"line":84,"column":null}},"28":{"start":{"line":92,"column":33},"end":{"line":114,"column":null}},"29":{"start":{"line":93,"column":22},"end":{"line":93,"column":null}},"30":{"start":{"line":94,"column":20},"end":{"line":94,"column":null}},"31":{"start":{"line":96,"column":2},"end":{"line":113,"column":null}},"32":{"start":{"line":97,"column":46},"end":{"line":97,"column":null}},"33":{"start":{"line":99,"column":6},"end":{"line":99,"column":null}},"34":{"start":{"line":100,"column":6},"end":{"line":103,"column":null}},"35":{"start":{"line":106,"column":27},"end":{"line":106,"column":null}},"36":{"start":{"line":107,"column":6},"end":{"line":111,"column":null}},"37":{"start":{"line":119,"column":33},"end":{"line":143,"column":null}},"38":{"start":{"line":120,"column":22},"end":{"line":120,"column":null}},"39":{"start":{"line":121,"column":20},"end":{"line":121,"column":null}},"40":{"start":{"line":123,"column":2},"end":{"line":142,"column":null}},"41":{"start":{"line":125,"column":6},"end":{"line":125,"column":null}},"42":{"start":{"line":127,"column":6},"end":{"line":127,"column":null}},"43":{"start":{"line":128,"column":6},"end":{"line":128,"column":null}},"44":{"start":{"line":129,"column":6},"end":{"line":132,"column":null}},"45":{"start":{"line":135,"column":27},"end":{"line":135,"column":null}},"46":{"start":{"line":136,"column":6},"end":{"line":140,"column":null}},"47":{"start":{"line":148,"column":33},"end":{"line":170,"column":null}},"48":{"start":{"line":149,"column":22},"end":{"line":149,"column":null}},"49":{"start":{"line":150,"column":20},"end":{"line":150,"column":null}},"50":{"start":{"line":152,"column":2},"end":{"line":169,"column":null}},"51":{"start":{"line":153,"column":32},"end":{"line":153,"column":null}},"52":{"start":{"line":155,"column":6},"end":{"line":155,"column":null}},"53":{"start":{"line":156,"column":6},"end":{"line":159,"column":null}},"54":{"start":{"line":162,"column":27},"end":{"line":162,"column":null}},"55":{"start":{"line":163,"column":6},"end":{"line":167,"column":null}}},"fnMap":{"0":{"name":"(anonymous_0)","decl":{"start":{"line":9,"column":33},"end":{"line":9,"column":null}},"loc":{"start":{"line":9,"column":33},"end":{"line":31,"column":null}},"line":9},"1":{"name":"(anonymous_1)","decl":{"start":{"line":14,"column":16},"end":{"line":14,"column":17}},"loc":{"start":{"line":14,"column":46},"end":{"line":14,"column":null}},"line":14},"2":{"name":"(anonymous_2)","decl":{"start":{"line":15,"column":15},"end":{"line":15,"column":null}},"loc":{"start":{"line":15,"column":15},"end":{"line":21,"column":null}},"line":15},"3":{"name":"(anonymous_3)","decl":{"start":{"line":22,"column":13},"end":{"line":22,"column":14}},"loc":{"start":{"line":22,"column":14},"end":{"line":29,"column":null}},"line":22},"4":{"name":"(anonymous_4)","decl":{"start":{"line":36,"column":33},"end":{"line":36,"column":null}},"loc":{"start":{"line":36,"column":33},"end":{"line":60,"column":null}},"line":36},"5":{"name":"(anonymous_5)","decl":{"start":{"line":41,"column":16},"end":{"line":41,"column":17}},"loc":{"start":{"line":42,"column":6},"end":{"line":42,"column":null}},"line":42},"6":{"name":"(anonymous_6)","decl":{"start":{"line":43,"column":15},"end":{"line":43,"column":16}},"loc":{"start":{"line":43,"column":19},"end":{"line":50,"column":null}},"line":43},"7":{"name":"(anonymous_7)","decl":{"start":{"line":51,"column":13},"end":{"line":51,"column":14}},"loc":{"start":{"line":51,"column":14},"end":{"line":58,"column":null}},"line":51},"8":{"name":"(anonymous_8)","decl":{"start":{"line":65,"column":33},"end":{"line":65,"column":null}},"loc":{"start":{"line":65,"column":33},"end":{"line":87,"column":null}},"line":65},"9":{"name":"(anonymous_9)","decl":{"start":{"line":70,"column":16},"end":{"line":70,"column":17}},"loc":{"start":{"line":70,"column":32},"end":{"line":70,"column":null}},"line":70},"10":{"name":"(anonymous_10)","decl":{"start":{"line":71,"column":15},"end":{"line":71,"column":null}},"loc":{"start":{"line":71,"column":15},"end":{"line":77,"column":null}},"line":71},"11":{"name":"(anonymous_11)","decl":{"start":{"line":78,"column":13},"end":{"line":78,"column":14}},"loc":{"start":{"line":78,"column":14},"end":{"line":85,"column":null}},"line":78},"12":{"name":"(anonymous_12)","decl":{"start":{"line":92,"column":33},"end":{"line":92,"column":null}},"loc":{"start":{"line":92,"column":33},"end":{"line":114,"column":null}},"line":92},"13":{"name":"(anonymous_13)","decl":{"start":{"line":97,"column":16},"end":{"line":97,"column":17}},"loc":{"start":{"line":97,"column":46},"end":{"line":97,"column":null}},"line":97},"14":{"name":"(anonymous_14)","decl":{"start":{"line":98,"column":15},"end":{"line":98,"column":null}},"loc":{"start":{"line":98,"column":15},"end":{"line":104,"column":null}},"line":98},"15":{"name":"(anonymous_15)","decl":{"start":{"line":105,"column":13},"end":{"line":105,"column":14}},"loc":{"start":{"line":105,"column":14},"end":{"line":112,"column":null}},"line":105},"16":{"name":"(anonymous_16)","decl":{"start":{"line":119,"column":33},"end":{"line":119,"column":null}},"loc":{"start":{"line":119,"column":33},"end":{"line":143,"column":null}},"line":119},"17":{"name":"(anonymous_17)","decl":{"start":{"line":124,"column":16},"end":{"line":124,"column":17}},"loc":{"start":{"line":125,"column":6},"end":{"line":125,"column":null}},"line":125},"18":{"name":"(anonymous_18)","decl":{"start":{"line":126,"column":15},"end":{"line":126,"column":16}},"loc":{"start":{"line":126,"column":19},"end":{"line":133,"column":null}},"line":126},"19":{"name":"(anonymous_19)","decl":{"start":{"line":134,"column":13},"end":{"line":134,"column":14}},"loc":{"start":{"line":134,"column":14},"end":{"line":141,"column":null}},"line":134},"20":{"name":"(anonymous_20)","decl":{"start":{"line":148,"column":33},"end":{"line":148,"column":null}},"loc":{"start":{"line":148,"column":33},"end":{"line":170,"column":null}},"line":148},"21":{"name":"(anonymous_21)","decl":{"start":{"line":153,"column":16},"end":{"line":153,"column":17}},"loc":{"start":{"line":153,"column":32},"end":{"line":153,"column":null}},"line":153},"22":{"name":"(anonymous_22)","decl":{"start":{"line":154,"column":15},"end":{"line":154,"column":null}},"loc":{"start":{"line":154,"column":15},"end":{"line":160,"column":null}},"line":154},"23":{"name":"(anonymous_23)","decl":{"start":{"line":161,"column":13},"end":{"line":161,"column":14}},"loc":{"start":{"line":161,"column":14},"end":{"line":168,"column":null}},"line":161}},"branchMap":{"0":{"loc":{"start":{"line":23,"column":27},"end":{"line":23,"column":null}},"type":"cond-expr","locations":[{"start":{"line":23,"column":52},"end":{"line":23,"column":65}},{"start":{"line":23,"column":68},"end":{"line":23,"column":null}}],"line":23},"1":{"loc":{"start":{"line":52,"column":27},"end":{"line":52,"column":null}},"type":"cond-expr","locations":[{"start":{"line":52,"column":52},"end":{"line":52,"column":65}},{"start":{"line":52,"column":68},"end":{"line":52,"column":null}}],"line":52},"2":{"loc":{"start":{"line":79,"column":27},"end":{"line":79,"column":null}},"type":"cond-expr","locations":[{"start":{"line":79,"column":52},"end":{"line":79,"column":65}},{"start":{"line":79,"column":68},"end":{"line":79,"column":null}}],"line":79},"3":{"loc":{"start":{"line":106,"column":27},"end":{"line":106,"column":null}},"type":"cond-expr","locations":[{"start":{"line":106,"column":52},"end":{"line":106,"column":65}},{"start":{"line":106,"column":68},"end":{"line":106,"column":null}}],"line":106},"4":{"loc":{"start":{"line":135,"column":27},"end":{"line":135,"column":null}},"type":"cond-expr","locations":[{"start":{"line":135,"column":52},"end":{"line":135,"column":65}},{"start":{"line":135,"column":68},"end":{"line":135,"column":null}}],"line":135},"5":{"loc":{"start":{"line":162,"column":27},"end":{"line":162,"column":null}},"type":"cond-expr","locations":[{"start":{"line":162,"column":52},"end":{"line":162,"column":65}},{"start":{"line":162,"column":68},"end":{"line":162,"column":null}}],"line":162}},"s":{"0":1,"1":4,"2":4,"3":4,"4":2,"5":2,"6":2,"7":0,"8":0,"9":1,"10":4,"11":4,"12":4,"13":2,"14":2,"15":2,"16":2,"17":0,"18":0,"19":1,"20":4,"21":4,"22":4,"23":2,"24":2,"25":2,"26":0,"27":0,"28":1,"29":4,"30":4,"31":4,"32":2,"33":2,"34":2,"35":0,"36":0,"37":1,"38":4,"39":4,"40":4,"41":2,"42":2,"43":2,"44":2,"45":0,"46":0,"47":1,"48":4,"49":4,"50":4,"51":2,"52":2,"53":2,"54":0,"55":0},"f":{"0":4,"1":2,"2":2,"3":0,"4":4,"5":2,"6":2,"7":0,"8":4,"9":2,"10":2,"11":0,"12":4,"13":2,"14":2,"15":0,"16":4,"17":2,"18":2,"19":0,"20":4,"21":2,"22":2,"23":0},"b":{"0":[0,0],"1":[0,0],"2":[0,0],"3":[0,0],"4":[0,0],"5":[0,0]},"meta":{"lastBranch":6,"lastFunction":24,"lastStatement":56,"seen":{"s:9:33:31:Infinity":0,"f:9:33:9:Infinity":0,"s:10:22:10:Infinity":1,"s:11:20:11:Infinity":2,"s:13:2:30:Infinity":3,"f:14:16:14:17":1,"s:14:46:14:Infinity":4,"f:15:15:15:Infinity":2,"s:16:6:16:Infinity":5,"s:17:6:20:Infinity":6,"f:22:13:22:14":3,"s:23:27:23:Infinity":7,"b:23:52:23:65:23:68:23:Infinity":0,"s:24:6:28:Infinity":8,"s:36:33:60:Infinity":9,"f:36:33:36:Infinity":4,"s:37:22:37:Infinity":10,"s:38:20:38:Infinity":11,"s:40:2:59:Infinity":12,"f:41:16:41:17":5,"s:42:6:42:Infinity":13,"f:43:15:43:16":6,"s:44:6:44:Infinity":14,"s:45:6:45:Infinity":15,"s:46:6:49:Infinity":16,"f:51:13:51:14":7,"s:52:27:52:Infinity":17,"b:52:52:52:65:52:68:52:Infinity":1,"s:53:6:57:Infinity":18,"s:65:33:87:Infinity":19,"f:65:33:65:Infinity":8,"s:66:22:66:Infinity":20,"s:67:20:67:Infinity":21,"s:69:2:86:Infinity":22,"f:70:16:70:17":9,"s:70:32:70:Infinity":23,"f:71:15:71:Infinity":10,"s:72:6:72:Infinity":24,"s:73:6:76:Infinity":25,"f:78:13:78:14":11,"s:79:27:79:Infinity":26,"b:79:52:79:65:79:68:79:Infinity":2,"s:80:6:84:Infinity":27,"s:92:33:114:Infinity":28,"f:92:33:92:Infinity":12,"s:93:22:93:Infinity":29,"s:94:20:94:Infinity":30,"s:96:2:113:Infinity":31,"f:97:16:97:17":13,"s:97:46:97:Infinity":32,"f:98:15:98:Infinity":14,"s:99:6:99:Infinity":33,"s:100:6:103:Infinity":34,"f:105:13:105:14":15,"s:106:27:106:Infinity":35,"b:106:52:106:65:106:68:106:Infinity":3,"s:107:6:111:Infinity":36,"s:119:33:143:Infinity":37,"f:119:33:119:Infinity":16,"s:120:22:120:Infinity":38,"s:121:20:121:Infinity":39,"s:123:2:142:Infinity":40,"f:124:16:124:17":17,"s:125:6:125:Infinity":41,"f:126:15:126:16":18,"s:127:6:127:Infinity":42,"s:128:6:128:Infinity":43,"s:129:6:132:Infinity":44,"f:134:13:134:14":19,"s:135:27:135:Infinity":45,"b:135:52:135:65:135:68:135:Infinity":4,"s:136:6:140:Infinity":46,"s:148:33:170:Infinity":47,"f:148:33:148:Infinity":20,"s:149:22:149:Infinity":48,"s:150:20:150:Infinity":49,"s:152:2:169:Infinity":50,"f:153:16:153:17":21,"s:153:32:153:Infinity":51,"f:154:15:154:Infinity":22,"s:155:6:155:Infinity":52,"s:156:6:159:Infinity":53,"f:161:13:161:14":23,"s:162:27:162:Infinity":54,"b:162:52:162:65:162:68:162:Infinity":5,"s:163:6:167:Infinity":55},"fnNames":{}}}
,"/Users/njara/projets/ombiko/ombiko-frontend/src/features/admin/hooks/statusHooks.ts": {"path":"/Users/njara/projets/ombiko/ombiko-frontend/src/features/admin/hooks/statusHooks.ts","statementMap":{"0":{"start":{"line":9,"column":31},"end":{"line":31,"column":null}},"1":{"start":{"line":10,"column":22},"end":{"line":10,"column":null}},"2":{"start":{"line":11,"column":20},"end":{"line":11,"column":null}},"3":{"start":{"line":13,"column":2},"end":{"line":30,"column":null}},"4":{"start":{"line":14,"column":44},"end":{"line":14,"column":null}},"5":{"start":{"line":16,"column":6},"end":{"line":16,"column":null}},"6":{"start":{"line":17,"column":6},"end":{"line":20,"column":null}},"7":{"start":{"line":23,"column":27},"end":{"line":23,"column":null}},"8":{"start":{"line":24,"column":6},"end":{"line":28,"column":null}},"9":{"start":{"line":36,"column":31},"end":{"line":60,"column":null}},"10":{"start":{"line":37,"column":22},"end":{"line":37,"column":null}},"11":{"start":{"line":38,"column":20},"end":{"line":38,"column":null}},"12":{"start":{"line":40,"column":2},"end":{"line":59,"column":null}},"13":{"start":{"line":42,"column":6},"end":{"line":42,"column":null}},"14":{"start":{"line":44,"column":6},"end":{"line":44,"column":null}},"15":{"start":{"line":45,"column":6},"end":{"line":45,"column":null}},"16":{"start":{"line":46,"column":6},"end":{"line":49,"column":null}},"17":{"start":{"line":52,"column":27},"end":{"line":52,"column":null}},"18":{"start":{"line":53,"column":6},"end":{"line":57,"column":null}},"19":{"start":{"line":65,"column":31},"end":{"line":87,"column":null}},"20":{"start":{"line":66,"column":22},"end":{"line":66,"column":null}},"21":{"start":{"line":67,"column":20},"end":{"line":67,"column":null}},"22":{"start":{"line":69,"column":2},"end":{"line":86,"column":null}},"23":{"start":{"line":70,"column":32},"end":{"line":70,"column":null}},"24":{"start":{"line":72,"column":6},"end":{"line":72,"column":null}},"25":{"start":{"line":73,"column":6},"end":{"line":76,"column":null}},"26":{"start":{"line":79,"column":27},"end":{"line":79,"column":null}},"27":{"start":{"line":80,"column":6},"end":{"line":84,"column":null}}},"fnMap":{"0":{"name":"(anonymous_0)","decl":{"start":{"line":9,"column":31},"end":{"line":9,"column":null}},"loc":{"start":{"line":9,"column":31},"end":{"line":31,"column":null}},"line":9},"1":{"name":"(anonymous_1)","decl":{"start":{"line":14,"column":16},"end":{"line":14,"column":17}},"loc":{"start":{"line":14,"column":44},"end":{"line":14,"column":null}},"line":14},"2":{"name":"(anonymous_2)","decl":{"start":{"line":15,"column":15},"end":{"line":15,"column":null}},"loc":{"start":{"line":15,"column":15},"end":{"line":21,"column":null}},"line":15},"3":{"name":"(anonymous_3)","decl":{"start":{"line":22,"column":13},"end":{"line":22,"column":14}},"loc":{"start":{"line":22,"column":14},"end":{"line":29,"column":null}},"line":22},"4":{"name":"(anonymous_4)","decl":{"start":{"line":36,"column":31},"end":{"line":36,"column":null}},"loc":{"start":{"line":36,"column":31},"end":{"line":60,"column":null}},"line":36},"5":{"name":"(anonymous_5)","decl":{"start":{"line":41,"column":16},"end":{"line":41,"column":17}},"loc":{"start":{"line":42,"column":6},"end":{"line":42,"column":null}},"line":42},"6":{"name":"(anonymous_6)","decl":{"start":{"line":43,"column":15},"end":{"line":43,"column":16}},"loc":{"start":{"line":43,"column":19},"end":{"line":50,"column":null}},"line":43},"7":{"name":"(anonymous_7)","decl":{"start":{"line":51,"column":13},"end":{"line":51,"column":14}},"loc":{"start":{"line":51,"column":14},"end":{"line":58,"column":null}},"line":51},"8":{"name":"(anonymous_8)","decl":{"start":{"line":65,"column":31},"end":{"line":65,"column":null}},"loc":{"start":{"line":65,"column":31},"end":{"line":87,"column":null}},"line":65},"9":{"name":"(anonymous_9)","decl":{"start":{"line":70,"column":16},"end":{"line":70,"column":17}},"loc":{"start":{"line":70,"column":32},"end":{"line":70,"column":null}},"line":70},"10":{"name":"(anonymous_10)","decl":{"start":{"line":71,"column":15},"end":{"line":71,"column":null}},"loc":{"start":{"line":71,"column":15},"end":{"line":77,"column":null}},"line":71},"11":{"name":"(anonymous_11)","decl":{"start":{"line":78,"column":13},"end":{"line":78,"column":14}},"loc":{"start":{"line":78,"column":14},"end":{"line":85,"column":null}},"line":78}},"branchMap":{"0":{"loc":{"start":{"line":23,"column":27},"end":{"line":23,"column":null}},"type":"cond-expr","locations":[{"start":{"line":23,"column":52},"end":{"line":23,"column":65}},{"start":{"line":23,"column":68},"end":{"line":23,"column":null}}],"line":23},"1":{"loc":{"start":{"line":52,"column":27},"end":{"line":52,"column":null}},"type":"cond-expr","locations":[{"start":{"line":52,"column":52},"end":{"line":52,"column":65}},{"start":{"line":52,"column":68},"end":{"line":52,"column":null}}],"line":52},"2":{"loc":{"start":{"line":79,"column":27},"end":{"line":79,"column":null}},"type":"cond-expr","locations":[{"start":{"line":79,"column":52},"end":{"line":79,"column":65}},{"start":{"line":79,"column":68},"end":{"line":79,"column":null}}],"line":79}},"s":{"0":1,"1":4,"2":4,"3":4,"4":2,"5":2,"6":2,"7":0,"8":0,"9":1,"10":4,"11":4,"12":4,"13":2,"14":2,"15":2,"16":2,"17":0,"18":0,"19":1,"20":4,"21":4,"22":4,"23":2,"24":2,"25":2,"26":0,"27":0},"f":{"0":4,"1":2,"2":2,"3":0,"4":4,"5":2,"6":2,"7":0,"8":4,"9":2,"10":2,"11":0},"b":{"0":[0,0],"1":[0,0],"2":[0,0]},"meta":{"lastBranch":3,"lastFunction":12,"lastStatement":28,"seen":{"s:9:31:31:Infinity":0,"f:9:31:9:Infinity":0,"s:10:22:10:Infinity":1,"s:11:20:11:Infinity":2,"s:13:2:30:Infinity":3,"f:14:16:14:17":1,"s:14:44:14:Infinity":4,"f:15:15:15:Infinity":2,"s:16:6:16:Infinity":5,"s:17:6:20:Infinity":6,"f:22:13:22:14":3,"s:23:27:23:Infinity":7,"b:23:52:23:65:23:68:23:Infinity":0,"s:24:6:28:Infinity":8,"s:36:31:60:Infinity":9,"f:36:31:36:Infinity":4,"s:37:22:37:Infinity":10,"s:38:20:38:Infinity":11,"s:40:2:59:Infinity":12,"f:41:16:41:17":5,"s:42:6:42:Infinity":13,"f:43:15:43:16":6,"s:44:6:44:Infinity":14,"s:45:6:45:Infinity":15,"s:46:6:49:Infinity":16,"f:51:13:51:14":7,"s:52:27:52:Infinity":17,"b:52:52:52:65:52:68:52:Infinity":1,"s:53:6:57:Infinity":18,"s:65:31:87:Infinity":19,"f:65:31:65:Infinity":8,"s:66:22:66:Infinity":20,"s:67:20:67:Infinity":21,"s:69:2:86:Infinity":22,"f:70:16:70:17":9,"s:70:32:70:Infinity":23,"f:71:15:71:Infinity":10,"s:72:6:72:Infinity":24,"s:73:6:76:Infinity":25,"f:78:13:78:14":11,"s:79:27:79:Infinity":26,"b:79:52:79:65:79:68:79:Infinity":2,"s:80:6:84:Infinity":27},"fnNames":{}}}
,"/Users/njara/projets/ombiko/ombiko-frontend/src/features/admin/hooks/treatmentsHooks.ts": {"path":"/Users/njara/projets/ombiko/ombiko-frontend/src/features/admin/hooks/treatmentsHooks.ts","statementMap":{"0":{"start":{"line":9,"column":34},"end":{"line":31,"column":null}},"1":{"start":{"line":10,"column":22},"end":{"line":10,"column":null}},"2":{"start":{"line":11,"column":20},"end":{"line":11,"column":null}},"3":{"start":{"line":13,"column":2},"end":{"line":30,"column":null}},"4":{"start":{"line":14,"column":47},"end":{"line":14,"column":null}},"5":{"start":{"line":16,"column":6},"end":{"line":16,"column":null}},"6":{"start":{"line":17,"column":6},"end":{"line":20,"column":null}},"7":{"start":{"line":23,"column":27},"end":{"line":23,"column":null}},"8":{"start":{"line":24,"column":6},"end":{"line":28,"column":null}},"9":{"start":{"line":36,"column":34},"end":{"line":60,"column":null}},"10":{"start":{"line":37,"column":22},"end":{"line":37,"column":null}},"11":{"start":{"line":38,"column":20},"end":{"line":38,"column":null}},"12":{"start":{"line":40,"column":2},"end":{"line":59,"column":null}},"13":{"start":{"line":42,"column":6},"end":{"line":42,"column":null}},"14":{"start":{"line":44,"column":6},"end":{"line":44,"column":null}},"15":{"start":{"line":45,"column":6},"end":{"line":45,"column":null}},"16":{"start":{"line":46,"column":6},"end":{"line":49,"column":null}},"17":{"start":{"line":52,"column":27},"end":{"line":52,"column":null}},"18":{"start":{"line":53,"column":6},"end":{"line":57,"column":null}},"19":{"start":{"line":65,"column":34},"end":{"line":87,"column":null}},"20":{"start":{"line":66,"column":22},"end":{"line":66,"column":null}},"21":{"start":{"line":67,"column":20},"end":{"line":67,"column":null}},"22":{"start":{"line":69,"column":2},"end":{"line":86,"column":null}},"23":{"start":{"line":70,"column":32},"end":{"line":70,"column":null}},"24":{"start":{"line":72,"column":6},"end":{"line":72,"column":null}},"25":{"start":{"line":73,"column":6},"end":{"line":76,"column":null}},"26":{"start":{"line":79,"column":27},"end":{"line":79,"column":null}},"27":{"start":{"line":80,"column":6},"end":{"line":84,"column":null}}},"fnMap":{"0":{"name":"(anonymous_0)","decl":{"start":{"line":9,"column":34},"end":{"line":9,"column":null}},"loc":{"start":{"line":9,"column":34},"end":{"line":31,"column":null}},"line":9},"1":{"name":"(anonymous_1)","decl":{"start":{"line":14,"column":16},"end":{"line":14,"column":17}},"loc":{"start":{"line":14,"column":47},"end":{"line":14,"column":null}},"line":14},"2":{"name":"(anonymous_2)","decl":{"start":{"line":15,"column":15},"end":{"line":15,"column":null}},"loc":{"start":{"line":15,"column":15},"end":{"line":21,"column":null}},"line":15},"3":{"name":"(anonymous_3)","decl":{"start":{"line":22,"column":13},"end":{"line":22,"column":14}},"loc":{"start":{"line":22,"column":14},"end":{"line":29,"column":null}},"line":22},"4":{"name":"(anonymous_4)","decl":{"start":{"line":36,"column":34},"end":{"line":36,"column":null}},"loc":{"start":{"line":36,"column":34},"end":{"line":60,"column":null}},"line":36},"5":{"name":"(anonymous_5)","decl":{"start":{"line":41,"column":16},"end":{"line":41,"column":17}},"loc":{"start":{"line":42,"column":6},"end":{"line":42,"column":null}},"line":42},"6":{"name":"(anonymous_6)","decl":{"start":{"line":43,"column":15},"end":{"line":43,"column":16}},"loc":{"start":{"line":43,"column":19},"
[...]
,"/Users/njara/projets/ombiko/ombiko-frontend/src/features/passport/hooks.ts": {"path":"/Users/njara/projets/ombiko/ombiko-frontend/src/features/passport/hooks.ts","statementMap":{"0":{"start":{"line":4,"column":28},"end":{"line":10,"column":null}},"1":{"start":{"line":6,"column":15},"end":{"line":6,"column":null}},"2":{"start":{"line":7,"column":64},"end":{"line":7,"column":null}},"3":{"start":{"line":8,"column":17},"end":{"line":8,"column":null}},"4":{"start":{"line":9,"column":26},"end":{"line":9,"column":null}},"5":{"start":{"line":12,"column":28},"end":{"line":18,"column":null}},"6":{"start":{"line":13,"column":2},"end":{"line":17,"column":null}},"7":{"start":{"line":15,"column":19},"end":{"line":15,"column":null}}},"fnMap":{"0":{"name":"(anonymous_0)","decl":{"start":{"line":6,"column":9},"end":{"line":6,"column":15}},"loc":{"start":{"line":6,"column":15},"end":{"line":6,"column":null}},"line":6},"1":{"name":"(anonymous_1)","decl":{"start":{"line":7,"column":8},"end":{"line":7,"column":9}},"loc":{"start":{"line":7,"column":64},"end":{"line":7,"column":null}},"line":7},"2":{"name":"(anonymous_2)","decl":{"start":{"line":8,"column":11},"end":{"line":8,"column":17}},"loc":{"start":{"line":8,"column":17},"end":{"line":8,"column":null}},"line":8},"3":{"name":"(anonymous_3)","decl":{"start":{"line":9,"column":10},"end":{"line":9,"column":11}},"loc":{"start":{"line":9,"column":26},"end":{"line":9,"column":null}},"line":9},"4":{"name":"(anonymous_4)","decl":{"start":{"line":12,"column":28},"end":{"line":12,"column":29}},"loc":{"start":{"line":12,"column":86},"end":{"line":18,"column":null}},"line":12},"5":{"name":"(anonymous_5)","decl":{"start":{"line":15,"column":13},"end":{"line":15,"column":19}},"loc":{"start":{"line":15,"column":19},"end":{"line":15,"column":null}},"line":15}},"branchMap":{"0":{"loc":{"start":{"line":12,"column":50},"end":{"line":12,"column":66}},"type":"default-arg","locations":[{"start":{"line":12,"column":65},"end":{"line":12,"column":66}}],"line":12},"1":{"loc":{"start":{"line":12,"column":68},"end":{"line":12,"column":86}},"type":"default-arg","locations":[{"start":{"line":12,"column":84},"end":{"line":12,"column":86}}],"line":12}},"s":{"0":1,"1":5,"2":5,"3":0,"4":0,"5":1,"6":5,"7":3},"f":{"0":5,"1":5,"2":0,"3":0,"4":5,"5":3},"b":{"0":[5],"1":[5]},"meta":{"lastBranch":2,"lastFunction":6,"lastStatement":8,"seen":{"s:4:28:10:Infinity":0,"f:6:9:6:15":0,"s:6:15:6:Infinity":1,"f:7:8:7:9":1,"s:7:64:7:Infinity":2,"f:8:11:8:17":2,"s:8:17:8:Infinity":3,"f:9:10:9:11":3,"s:9:26:9:Infinity":4,"s:12:28:18:Infinity":5,"f:12:28:12:29":4,"b:12:65:12:66":0,"b:12:84:12:86":1,"s:13:2:17:Infinity":6,"f:15:13:15:19":5,"s:15:19:15:Infinity":7},"fnNames":{}}}
,"/Users/njara/projets/ombiko/ombiko-frontend/src/lib/queryKeys.ts": {"path":"/Users/njara/projets/ombiko/ombiko-frontend/src/lib/queryKeys.ts","statementMap":{"0":{"start":{"line":9,"column":25},"end":{"line":148,"column":null}},"1":{"start":{"line":13,"column":16},"end":{"line":13,"column":null}},"2":{"start":{"line":14,"column":21},"end":{"line":14,"column":null}},"3":{"start":{"line":20,"column":40},"end":{"line":20,"column":null}},"4":{"start":{"line":26,"column":17},"end":{"line":26,"column":null}},"5":{"start":{"line":27,"column":48},"end":{"line":27,"column":null}},"6":{"start":{"line":28,"column":38},"end":{"line":28,"column":null}},"7":{"start":{"line":29,"column":41},"end":{"line":29,"column":null}},"8":{"start":{"line":30,"column":42},"end":{"line":30,"column":null}},"9":{"start":{"line":36,"column":17},"end":{"line":36,"column":null}},"10":{"start":{"line":37,"column":48},"end":{"line":37,"column":null}},"11":{"start":{"line":38,"column":38},"end":{"line":38,"column":null}},"12":{"start":{"line":39,"column":41},"end":{"line":39,"column":null}},"13":{"start":{"line":45,"column":17},"end":{"line":45,"column":null}},"14":{"start":{"line":46,"column":48},"end":{"line":46,"column":null}},"15":{"start":{"line":47,"column":38},"end":{"line":47,"column":null}},"16":{"start":{"line":53,"column":17},"end":{"line":53,"column":null}},"17":{"start":{"line":54,"column":48},"end":{"line":54,"column":null}},"18":{"start":{"line":55,"column":38},"end":{"line":55,"column":null}},"19":{"start":{"line":61,"column":17},"end":{"line":61,"column":null}},"20":{"start":{"line":62,"column":48},"end":{"line":62,"column":null}},"21":{"start":{"line":63,"column":38},"end":{"line":63,"column":null}},"22":{"start":{"line":69,"column":17},"end":{"line":69,"column":null}},"23":{"start":{"line":70,"column":48},"end":{"line":70,"column":null}},"24":{"start":{"line":71,"column":38},"end":{"line":71,"column":null}},"25":{"start":{"line":72,"column":45},"end":{"line":72,"column":null}},"26":{"start":{"line":73,"column":35},"end":{"line":73,"column":null}},"27":{"start":{"line":78,"column":38},"end":{"line":78,"column":null}},"28":{"start":{"line":84,"column":17},"end":{"line":84,"column":null}},"29":{"start":{"line":85,"column":48},"end":{"line":85,"column":null}},"30":{"start":{"line":86,"column":38},"end":{"line":86,"column":null}},"31":{"start":{"line":92,"column":17},"end":{"line":92,"column":null}},"32":{"start":{"line":93,"column":48},"end":{"line":93,"column":null}},"33":{"start":{"line":94,"column":38},"end":{"line":94,"column":null}},"34":{"start":{"line":100,"column":17},"end":{"line":100,"column":null}},"35":{"start":{"line":101,"column":48},"end":{"line":101,"column":null}},"36":{"start":{"line":102,"column":38},"end":{"line":102,"column":null}},"37":{"start":{"line":108,"column":17},"end":{"line":108,"column":null}},"38":{"start":{"line":109,"column":48},"end":{"line":109,"column":null}},"39":{"start":{"line":110,"column":38},"end":{"line":110,"column":null}},"40":{"start":{"line":116,"column":17},"end":{"line":116,"column":null}},"41":{"start":{"line":117,"column":48},"end":{"line":117,"column":null}},"42":{"start":{"line":118,"column":38},"end":{"line":118,"column":null}},"43":{"start":{"line":124,"column":17},"end":{"line":124,"column":null}},"44":{"start":{"line":125,"column":38},"end":{"line":125,"column":null}},"45":{"start":{"line":131,"column":17},"end":{"line":131,"column":null}},"46":{"start":{"line":132,"column":38},"end":{"line":132,"column":null}},"47":{"start":{"line":138,"column":17},"end":{"line":138,"column":null}},"48":{"start":{"line":139,"column":38},"end":{"line":139,"column":null}},"49":{"start":{"line":145,"column":17},"end":{"line":145,"column":null}},"50":{"start":{"line":146,"column":38},"end":{"line":146,"column":null}}},"fnMap":{"0":{"name":"(anonymous_0)","decl":{"start":{"line":13,"column":10},"end":{"line":13,"column":16}},"loc":{"start":{"line":13,"column":16},"end":{"line":13,"column":null}},"line":13},"1":{"name":"(anonymous_1)","decl":{"start":{"line":14,"column":15},"end":{"line":14,"column":21}},"loc":{"start":{"line":14,"column":21},"end":{"line":14,"column":null}},"line":14},"2":{"name":"(anonymous_2)","decl":{"start":{"line":20,"column":11},"end":{"line":20,"column":12}},"loc":{"start":{"line":20,"column":40},"end":{"line":20,"column":null}},"line":20},"3":{"name":"(anonymous_3)","decl":{"start":{"line":26,"column":11},"end":{"line":26,"column":17}},"loc":{"start":{"line":26,"column":17},"end":{"line":26,"column":null}},"line":26},"4":{"name":"(anonymous_4)","decl":{"start":{"line":27,"column":10},"end":{"line":27,"column":11}},"loc":{"start":{"line":27,"column":48},"end":{"line":27,"column":null}},"line":27},"5":{"name":"(anonymous_5)","decl":{"start":{"line":28,"column":13},"end":{"line":28,"column":14}},"loc":{"start":{"line":28,"column":38},"end":{"line":28,"column":null}},"line":28},"6":{"name":"(anonymous_6)","decl":{"start":{"line":29,"column":16},"end":{"line":29,"column":17}},"loc":{"start":{"line":29,"column":41},"end":{"line":29,"column":null}},"line":29},"7":{"name":"(anonymous_7)","decl":{"start":{"line":30,"column":11},"end":{"line":30,"column":12}},"loc":{"start":{"line":30,"column":42},"end":{"line":30,"column":null}},"line":30},"8":{"name":"(anonymous_8)","decl":{"start":{"line":36,"column":11},"end":{"line":36,"column":17}},"loc":{"start":{"line":36,"column":17},"end":{"line":36,"column":null}},"line":36},"9":{"name":"(anonymous_9)","decl":{"start":{"line":37,"column":10},"end":{"line":37,"column":11}},"loc":{"start":{"line":37,"column":48},"end":{"line":37,"column":null}},"line":37},"10":{"name":"(anonymous_10)","decl":{"start":{"line":38,"column":13},"end":{"line":38,"column":14}},"loc":{"start":{"line":38,"column":38},"end":{"line":38,"column":null}},"line":38},"11":{"name":"(anonymous_11)","decl":{"start":{"line":39,"column":12},"end":{"line":39,"column":13}},"loc":{"start":{"line":39,"column":41},"end":{"line":39,"column":null}},"line":39},"12":{"name":"(anonymous_12)","decl":{"start":{"line":45,"column":11},"end":{"line":45,"column":17}},"loc":{"start":{"line":45,"column":17},"end":{"line":45,"column":null}},"line":45},"13":{"name":"(anonymous_13)","decl":{"start":{"line":46,"column":10},"end":{"line":46,"column":11}},"loc":{"start":{"line":46,"column":48},"end":{"line":46,"column":null}},"line":46},"14":{"name":"(anonymous_14)","decl":{"start":{"line":47,"column":13},"end":{"line":47,"column":14}},"loc":{"start":{"line":47,"column":38},"end":{"line":47,"column":null}},"line":47},"15":{"name":"(anonymous_15)","decl":{"start":{"line":53,"column":11},"end":{"line":53,"column":17}},"loc":{"start":{"line":53,"column":17},"end":{"line":53,"column":null}},"line":53},"16":{"name":"(anonymous_16)","decl":{"start":{"line":54,"column":10},"end":{"line":54,"column":11}},"loc":{"start":{"line":54,"column":48},"end":{"line":54,"column":null}},"line":54},"17":{"name":"(anonymous_17)","decl":{"start":{"line":55,"column":13},"end":{"line":55,"column":14}},"loc":{"start":{"line":55,"column":38},"end":{"line":55,"column":null}},"line":55},"18":{"name":"(anonymous_18)","decl":{"start":{"line":61,"column":11},"end":{"line":61,"column":17}},"loc":{"start":{"line":61,"column":17},"end":{"line":61,"column":null}},"line":61},"19":{"name":"(anonymous_19)","decl":{"start":{"line":62,"column":10},"end":{"line":62,"column":11}},"loc":{"start":{"line":62,"column":48},"end":{"line":62,"column":null}},"line":62},"20":{"name":"(anonymous_20)","decl":{"start":{"line":63,"column":13},"end":{"line":63,"column":14}},"loc":{"start":{"line":63,"column":38},"end":{"line":63,"column":null}},"line":63},"21":{"name":"(anonymous_21)","decl":{"start":{"line":69,"column":11},"end":{"line":69,"column":17}},"loc":{"start":{"line":69,"column":17},"end":{"line":69,"column":null}},"line":69},"22":{"name":"(anonymous_22)","decl":{"start":{"line":70,"column":10},"end":{"line":70,"column":11}},"loc":{"start":{"line":70,"column":48},"end":{"line":70,"column":null}},"line":70},"23":{"name":"(anonymous_23)","decl":{"start":{"line":71,"column":13},"end":{"line":71,"column":14}},"loc":{"start":{"line":71,"column":38},"end":{"line":71,"column":null}},"line":71},"24":{"name":"(anonymous_24)","decl":{"start":{"line":72,"column":12},"end":{"line":72,"column":13}},"loc":{"start":{"line":72,"column":45},"end":{"line":72,"column":null}},"line":72},"25":{"name":"(anonymous_25)","decl":{"start":{"line":73,"column":13},"end":{"line":73,"column":14}},"loc":{"start":{"line":73,"column":35},"end":{"line":73,"column":null}},"line":73},"26":{"name":"(anonymous_26)","decl":{"start":{"line":78,"column":16},"end":{"line":78,"column":17}},"loc":{"start":{"line":78,"column":38},"end":{"line":78,"column":null}},"line":78},"27":{"name":"(anonymous_27)","decl":{"start":{"line":84,"column":11},"end":{"line":84,"column":17}},"loc":{"start":{"line":84,"column":17},"end":{"line":84,"column":null}},"line":84},"28":{"name":"(anonymous_28)","decl":{"start":{"line":85,"column":10},"end":{"line":85,"column":11}},"loc":{"start":{"line":85,"column":48},"end":{"line":85,"column":null}},"line":85},"29":{"name":"(anonymous_29)","decl":{"start":{"line":86,"column":13},"end":{"line":86,"column":14}},"loc":{"start":{"line":86,"column":38},"end":{"line":86,"column":null}},"line":86},"30":{"name":"(anonymous_30)","decl":{"start":{"line":92,"column":11},"end":{"line":92,"column":17}},"loc":{"start":{"line":92,"column":17},"end":{"line":92,"column":null}},"line":92},"31":{"name":"(anonymous_31)","decl":{"start":{"line":93,"column":10},"end":{"line":93,"column":11}},"loc":{"start":{"line":93,"column":48},"end":{"line":93,"column":null}},"line":93},"32":{"name":"(anonymous_32)","decl":{"start":{"line":94,"column":13},"end":{"line":94,"column":14}},"loc":{"start":{"line":94,"column":38},"end":{"line":94,"column":null}},"line":94},"33":{"name":"(anonymous_33)","decl":{"start":{"line":100,"column":11},"end":{"line":100,"column":17}},"loc":{"start":{"line":100,"column":17},"end":{"line":100,"column":null}},"line":100},"34":{"name":"(anonymous_34)","decl":{"start":{"line":101,"column":10},"end":{"line":101,"column":11}},"loc":{"start":{"line":101,"column":48},"end":{"line":101,"column":null}},"line":101},"35":{"name":"(anonymous_35)","decl":{"start":{"line":102,"column":13},"end":{"line":102,"column":14}},"loc":{"start":{"line":102,"column":38},"end":{"line":102,"column":null}},"line":102},"36":{"name":"(anonymous_36)","decl":{"start":{"line":108,"column":11},"end":{"line":108,"column":17}},"loc":{"start":{"line":108,"column":17},"end":{"line":108,"column":null}},"line":108},"37":{"name":"(anonymous_37)","decl":{"start":{"line":109,"column":10},"end":{"line":109,"column":11}},"loc":{"start":{"line":109,"column":48},"end":{"line":109,"column":null}},"line":109},"38":{"name":"(anonymous_38)","decl":{"start":{"line":110,"column":13},"end":{"line":110,"column":14}},"loc":{"start":{"line":110,"column":38},"end":{"line":110,"column":null}},"line":110},"39":{"name":"(anonymous_39)","decl":{"start":{"line":116,"column":11},"end":{"line":116,"column":17}},"loc":{"start":{"line":116,"column":17},"end":{"line":116,"column":null}},"line":116},"40":{"name":"(anonymous_40)","decl":{"start":{"line":117,"column":10},"end":{"line":117,"column":11}},"loc":{"start":{"line":117,"column":48},"end":{"line":117,"column":null}},"line":117},"41":{"name":"(anonymous_41)","decl":{"start":{"line":118,"column":13},"end":{"line":118,"column":14}},"loc":{"start":{"line":118,"column":38},"end":{"line":118,"column":null}},"line":118},"42":{"name":"(anonymous_42)","decl":{"start":{"line":124,"column":11},"end":{"line":124,"column":17}},"loc":{"start":{"line":124,"column":17},"end":{"line":124,"column":null}},"line":124},"43":{"name":"(anonymous_43)","decl":{"start":{"line":125,"column":13},"end":{"line":125,"column":14}},"loc":{"start":{"line":125,"column":38},"end":{"line":125,"column":null}},"line":125},"44":{"name":"(anonymous_44)","decl":{"start":{"line":131,"column":11},"end":{"line":131,"column":17}},"loc":{"start":{"line":131,"column":17},"end":{"line":131,"column":null}},"line":131},"45":{"name":"(anonymous_45)","decl":{"start":{"line":132,"column":13},"end":{"line":132,"column":14}},"loc":{"start":{"line":132,"column":38},"end":{"line":132,"column":null}},"line":132},"46":{"name":"(anonymous_46)","decl":{"start":{"line":138,"column":11},"end":{"line":138,"column":17}},"loc":{"start":{"line":138,"column":17},"end":{"line":138,"column":null}},"line":138},"47":{"name":"(anonymous_47)","decl":{"start":{"line":139,"column":13},"end":{"line":139,"column":14}},"loc":{"start":{"line":139,"column":38},"end":{"line":139,"column":null}},"line":139},"48":{"name":"(anonymous_48)","decl":{"start":{"line":145,"column":11},"end":{"line":145,"column":17}},"loc":{"start":{"line":145,"column":17},"end":{"line":145,"column":null}},"line":145},"49":{"name":"(anonymous_49)","decl":{"start":{"line":146,"column":13},"end":{"line":146,"column":14}},"loc":{"start":{"line":146,"column":38},"end":{"line":146,"column":null}},"line":146}},"branchMap":{},"s":{"0":18,"1":3,"2":1,"3":13,"4":1,"5":5,"6":7,"7":1,"8":1,"9":1,"10":0,"11":3,"12":2,"13":1,"14":0,"15":3,"16":1,"17":0,"18":3,"19":1,"20":0,"21":3,"22":1,"23":0,"24":6,"25":7,"26":6,"27":5,"28":1,"29":0,"30":3,"31":1,"32":0,"33":3,"34":1,"35":0,"36":3,"37":1,"38":0,"39":3,"40":1,"41":0,"42":1,"43":1,"44":3,"45":1,"46":3,"47":1,"48":3,"49":0,"50":2},"f":{"0":3,"1":1,"2":13,"3":1,"4":5,"5":7,"6":1,"7":1,"8":1,"9":0,"10":3,"11":2,"12":1,"13":0,"14":3,"15":1,"16":0,"17":3,"18":1,"19":0,"20":3,"21":1,"22":0,"23":6,"24":7,"25":6,"26":5,"27":1,"28":0,"29":3,"30":1,"31":0,"32":3,"33":1,"34":0,"35":3,"36":1,"37":0,"38":3,"39":1,"40":0,"41":1,"42":1,"43":3,"44":1,"45":3,"46":1,"47":3,"48":0,"49":2},"b":{},"meta":{"lastBranch":0,"lastFunction":50,"lastStatement":51,"seen":{"s:9:25:148:Infinity":0,"f:13:10:13:16":0,"s:13:16:13:Infinity":1,"f:14:15:14:21":1,"s:14:21:14:Infinity":2,"f:20:11:20:12":2,"s:20:40:20:Infinity":3,"f:26:11:26:17":3,"s:26:17:26:Infinity":4,"f:27:10:27:11":4,"s:27:48:27:Infinity":5,"f:28:13:28:14":5,"s:28:38:28:Infinity":6,"f:29:16:29:17":6,"s:29:41:29:Infinity":7,"f:30:11:30:12":7,"s:30:42:30:Infinity":8,"f:36:11:36:17":8,"s:36:17:36:Infinity":9,"f:37:10:37:11":9,"s:37:48:37:Infinity":10,"f:38:13:38:14":10,"s:38:38:38:Infinity":11,"f:39:12:39:13":11,"s:39:41:39:Infinity":12,"f:45:11:45:17":12,"s:45:17:45:Infinity":13,"f:46:10:46:11":13,"s:46:48:46:Infinity":14,"f:47:13:47:14":14,"s:47:38:47:Infinity":15,"f:53:11:53:17":15,"s:53:17:53:Infinity":16,"f:54:10:54:11":16,"s:54:48:54:Infinity":17,"f:55:13:55:14":17,"s:55:38:55:Infinity":18,"f:61:11:61:17":18,"s:61:17:61:Infinity":19,"f:62:10:62:11":19,"s:62:48:62:Infinity":20,"f:63:13:63:14":20,"s:63:38:63:Infinity":21,"f:69:11:69:17":21,"s:69:17:69:Infinity":22,"f:70:10:70:11":22,"s:70:48:70:Infinity":23,"f:71:13:71:14":23,"s:71:38:71:Infinity":24,"f:72:12:72:13":24,"s:72:45:72:Infinity":25,"f:73:13:73:14":25,"s:73:35:73:Infinity":26,"f:78:16:78:17":26,"s:78:38:78:Infinity":27,"f:84:11:84:17":27,"s:84:17:84:Infinity":28,"f:85:10:85:11":28,"s:85:48:85:Infinity":29,"f:86:13:86:14":29,"s:86:38:86:Infinity":30,"f:92:11:92:17":30,"s:92:17:92:Infinity":31,"f:93:10:93:11":31,"s:93:48:93:Infinity":32,"f:94:13:94:14":32,"s:94:38:94:Infinity":33,"f:100:11:100:17":33,"s:100:17:100:Infinity":34,"f:101:10:101:11":34,"s:101:48:101:Infinity":35,"f:102:13:102:14":35,"s:102:38:102:Infinity":36,"f:108:11:108:17":36,"s:108:17:108:Infinity":37,"f:109:10:109:11":37,"s:109:48:109:Infinity":38,"f:110:13:110:14":38,"s:110:38:110:Infinity":39,"f:116:11:116:17":39,"s:116:17:116:Infinity":40,"f:117:10:117:11":40,"s:117:48:117:Infinity":41,"f:118:13:118:14":41,"s:118:38:118:Infinity":42,"f:124:11:124:17":42,"s:124:17:124:Infinity":43,"f:125:13:125:14":43,"s:125:38:125:Infinity":44,"f:131:11:131:17":44,"s:131:17:131:Infinity":45,"f:132:13:132:14":45,"s:132:38:132:Infinity":46,"f:138:11:138:17":46,"s:138:17:138:Infinity":47,"f:139:13:139:14":47,"s:139:38:139:Infinity":48,"f:145:11:145:17":48,"s:145:17:145:Infinity":49,"f:146:13:146:14":49,"s:146:38:146:Infinity":50},"fnNames":{}}}
}
